Using pre-set license
Built from '2021.3/staging' branch; Version is '2021.3.25f1 (68ef2c4f8861) revision 6876972'; Using compiler version '192829333'; Build Type 'Release'
OS: 'Windows 11  (10.0.22621) 64bit Core' Language: 'zh' Physical Memory: 16205 MB
BatchMode: 1, IsHumanControllingUs: 0, StartBugReporterOnCrash: 0, Is64bit: 1, IsPro: 1

COMMAND LINE ARGUMENTS:
C:\Program Files\Unity\Hub\Editor\2021.3.25f1\Editor\Unity.exe
-adb2
-batchMode
-noUpm
-name
AssetImportWorker4
-projectPath
E:/github_repo/Project_Mahjong_UITest/mahjong
-logFile
Logs/AssetImportWorker4.log
-srvPort
53705
Successfully changed project path to: E:/github_repo/Project_Mahjong_UITest/mahjong
E:/github_repo/Project_Mahjong_UITest/mahjong
[UnityMemory] Configuration Parameters - Can be set up in boot.config
    "memorysetup-bucket-allocator-granularity=16"
    "memorysetup-bucket-allocator-bucket-count=8"
    "memorysetup-bucket-allocator-block-size=33554432"
    "memorysetup-bucket-allocator-block-count=8"
    "memorysetup-main-allocator-block-size=16777216"
    "memorysetup-thread-allocator-block-size=16777216"
    "memorysetup-gfx-main-allocator-block-size=16777216"
    "memorysetup-gfx-thread-allocator-block-size=16777216"
    "memorysetup-cache-allocator-block-size=4194304"
    "memorysetup-typetree-allocator-block-size=2097152"
    "memorysetup-profiler-bucket-allocator-granularity=16"
    "memorysetup-profiler-bucket-allocator-bucket-count=8"
    "memorysetup-profiler-bucket-allocator-block-size=33554432"
    "memorysetup-profiler-bucket-allocator-block-count=8"
    "memorysetup-profiler-allocator-block-size=16777216"
    "memorysetup-profiler-editor-allocator-block-size=1048576"
    "memorysetup-temp-allocator-size-main=16777216"
    "memorysetup-job-temp-allocator-block-size=2097152"
    "memorysetup-job-temp-allocator-block-size-background=1048576"
    "memorysetup-job-temp-allocator-reduction-small-platforms=262144"
    "memorysetup-temp-allocator-size-background-worker=32768"
    "memorysetup-temp-allocator-size-job-worker=262144"
    "memorysetup-temp-allocator-size-preload-manager=33554432"
    "memorysetup-temp-allocator-size-nav-mesh-worker=65536"
    "memorysetup-temp-allocator-size-audio-worker=65536"
    "memorysetup-temp-allocator-size-cloud-worker=32768"
    "memorysetup-temp-allocator-size-gi-baking-worker=262144"
    "memorysetup-temp-allocator-size-gfx=262144"
Player connection [26496] Host "[IP] 26.147.234.45 [Port] 0 [Flags] 2 [Guid] 1406766021 [EditorId] 1406766021 [Version] 1048832 [Id] WindowsEditor(7,MSI) [Debug] 1 [PackageName] WindowsEditor [ProjectName] Editor" joined multi-casting on [225.0.0.222:54997]...

Player connection [26496] Host "[IP] 26.147.234.45 [Port] 0 [Flags] 2 [Guid] 1406766021 [EditorId] 1406766021 [Version] 1048832 [Id] WindowsEditor(7,MSI) [Debug] 1 [PackageName] WindowsEditor [ProjectName] Editor" joined alternative multi-casting on [225.0.0.222:34997]...

Refreshing native plugins compatible for Editor in 85.65 ms, found 3 plugins.
Preloading 0 native plugins for Editor in 0.00 ms.
Initialize engine version: 2021.3.25f1 (68ef2c4f8861)
[Subsystems] Discovering subsystems at path C:/Program Files/Unity/Hub/Editor/2021.3.25f1/Editor/Data/Resources/UnitySubsystems
[Subsystems] Discovering subsystems at path E:/github_repo/Project_Mahjong_UITest/mahjong/Assets
GfxDevice: creating device client; threaded=0; jobified=0
Direct3D:
    Version:  Direct3D 11.0 [level 11.1]
    Renderer: NVIDIA GeForce GTX 1650 (ID=0x1f99)
    Vendor:   NVIDIA
    VRAM:     3962 MB
    Driver:   30.0.15.1179
Initialize mono
Mono path[0] = 'C:/Program Files/Unity/Hub/Editor/2021.3.25f1/Editor/Data/Managed'
Mono path[1] = 'C:/Program Files/Unity/Hub/Editor/2021.3.25f1/Editor/Data/MonoBleedingEdge/lib/mono/unityjit-win32'
Mono config path = 'C:/Program Files/Unity/Hub/Editor/2021.3.25f1/Editor/Data/MonoBleedingEdge/etc'
Using monoOptions --debugger-agent=transport=dt_socket,embedding=1,server=y,suspend=n,address=127.0.0.1:56288
Begin MonoManager ReloadAssembly
Registering precompiled unity dll's ...
Register platform support module: C:/Program Files/Unity/Hub/Editor/2021.3.25f1/Editor/Data/PlaybackEngines/AndroidPlayer/UnityEditor.Android.Extensions.dll
Register platform support module: C:/Program Files/Unity/Hub/Editor/2021.3.25f1/Editor/Data/PlaybackEngines/WindowsStandaloneSupport/UnityEditor.WindowsStandalone.Extensions.dll
Registered in 0.004515 seconds.
Native extension for WindowsStandalone target not found
Native extension for Android target not found
Android Extension - Scanning For ADB Devices 232 ms
Refreshing native plugins compatible for Editor in 77.77 ms, found 3 plugins.
Preloading 0 native plugins for Editor in 0.00 ms.
Mono: successfully reloaded assembly
- Completed reload, in  0.904 seconds
Domain Reload Profiling:
	ReloadAssembly (904ms)
		BeginReloadAssembly (85ms)
			ExecutionOrderSort (0ms)
			DisableScriptedObjects (0ms)
			BackupInstance (0ms)
			ReleaseScriptingObjects (0ms)
			CreateAndSetChildDomain (1ms)
		EndReloadAssembly (726ms)
			LoadAssemblies (84ms)
			RebuildTransferFunctionScriptingTraits (0ms)
			SetupTypeCache (123ms)
			ReleaseScriptCaches (0ms)
			RebuildScriptCaches (35ms)
			SetupLoadedEditorAssemblies (516ms)
				LogAssemblyErrors (0ms)
				InitializePlatformSupportModulesInManaged (315ms)
				SetLoadedEditorAssemblies (0ms)
				RefreshPlugins (78ms)
				BeforeProcessingInitializeOnLoad (1ms)
				ProcessInitializeOnLoadAttributes (83ms)
				ProcessInitializeOnLoadMethodAttributes (39ms)
				AfterProcessingInitializeOnLoad (0ms)
				EditorAssembliesLoaded (0ms)
			ExecutionOrderSort2 (0ms)
			AwakeInstancesAfterBackupRestoration (0ms)
Platform modules already initialized, skipping
Registering precompiled user dll's ...
Registered in 0.003259 seconds.
Begin MonoManager ReloadAssembly
Symbol file LoadedFromMemory doesn't match image E:\github_repo\Project_Mahjong_UITest\mahjong\Library\PackageCache\com.unity.visualscripting@1.8.0\Editor\VisualScripting.Core\Dependencies\YamlDotNet\Unity.VisualScripting.YamlDotNet.dll
Symbol file LoadedFromMemory doesn't match image E:\github_repo\Project_Mahjong_UITest\mahjong\Library\PackageCache\com.unity.visualscripting@1.8.0\Editor\VisualScripting.Core\Dependencies\DotNetZip\Unity.VisualScripting.IonicZip.dll
Native extension for WindowsStandalone target not found
Native extension for Android target not found
Refreshing native plugins compatible for Editor in 0.51 ms, found 3 plugins.
Preloading 0 native plugins for Editor in 0.00 ms.
Mono: successfully reloaded assembly
Package Manager log level set to [2]
- Completed reload, in  2.061 seconds
Domain Reload Profiling:
	ReloadAssembly (2062ms)
		BeginReloadAssembly (103ms)
			ExecutionOrderSort (0ms)
			DisableScriptedObjects (5ms)
			BackupInstance (0ms)
			ReleaseScriptingObjects (0ms)
			CreateAndSetChildDomain (17ms)
		EndReloadAssembly (1859ms)
			LoadAssemblies (77ms)
			RebuildTransferFunctionScriptingTraits (0ms)
			SetupTypeCache (281ms)
			ReleaseScriptCaches (1ms)
			RebuildScriptCaches (52ms)
			SetupLoadedEditorAssemblies (1409ms)
				LogAssemblyErrors (0ms)
				InitializePlatformSupportModulesInManaged (19ms)
				SetLoadedEditorAssemblies (0ms)
				RefreshPlugins (1ms)
				BeforeProcessingInitializeOnLoad (78ms)
				ProcessInitializeOnLoadAttributes (1287ms)
				ProcessInitializeOnLoadMethodAttributes (19ms)
				AfterProcessingInitializeOnLoad (5ms)
				EditorAssembliesLoaded (0ms)
			ExecutionOrderSort2 (0ms)
			AwakeInstancesAfterBackupRestoration (5ms)
Platform modules already initialized, skipping
========================================================================
Worker process is ready to serve import requests
Launched and connected shader compiler UnityShaderCompiler.exe after 0.05 seconds
Refreshing native plugins compatible for Editor in 0.58 ms, found 3 plugins.
Preloading 0 native plugins for Editor in 0.00 ms.
Unloading 3282 Unused Serialized files (Serialized files now loaded: 0)
Unloading 27 unused Assets / (342.3 KB). Loaded Objects now: 3765.
Memory consumption went from 141.4 MB to 141.1 MB.
Total: 2.832100 ms (FindLiveObjects: 0.293200 ms CreateObjectMapping: 0.193000 ms MarkObjects: 2.146400 ms  DeleteObjects: 0.198700 ms)

AssetImportParameters requested are different than current active one (requested -> active):
  custom:video-decoder-ogg-theora: a1e56fd34408186e4bbccfd4996cb3dc -> 
  custom:container-muxer-webm: aa71ff27fc2769a1b78a27578f13a17b -> 
  custom:container-demuxer-webm: 4f35f7cbe854078d1ac9338744f61a02 -> 
  custom:video-encoder-webm-vp8: eb34c28f22e8b96e1ab97ce403110664 -> 
  custom:audio-encoder-webm-vorbis: bf7c407c2cedff20999df2af8eb42d56 -> 
  custom:framework-win-MediaFoundation: 216162199b28c13a410421893ffa2e32 -> 
  custom:container-demuxer-ogg: 62fdf1f143b41e24485cea50d1cbac27 -> 
  custom:video-decoder-webm-vp8: 9c59270c3fd7afecdb556c50c9e8de78 -> 
  custom:audio-decoder-ogg-vorbis: bf7c407c2cedff20999df2af8eb42d56 -> 
========================================================================
Received Import Request.
  Time since last request: 187140.842924 seconds.
  path: Assets/effect/bones/library/3/vnbvq_9.png
  artifactKey: Guid(c1a1baf3d081c3c4bae902382604f858) Importer(815301076,1909f56bfc062723c751e8b465ee728b)
Start importing Assets/effect/bones/library/3/vnbvq_9.png using Guid(c1a1baf3d081c3c4bae902382604f858) Importer(815301076,1909f56bfc062723c751e8b465ee728b)  -> (artifact id: '7be6d8ce56bae2819325911cbaf3b08f') in 0.073587 seconds 
========================================================================
Received Import Request.
  Time since last request: 0.000032 seconds.
  path: Assets/effect/bones/library/3/vnbvq_20.png
  artifactKey: Guid(ea39a7f7a0fc07443a0375f5f64fcad6) Importer(815301076,1909f56bfc062723c751e8b465ee728b)
Start importing Assets/effect/bones/library/3/vnbvq_20.png using Guid(ea39a7f7a0fc07443a0375f5f64fcad6) Importer(815301076,1909f56bfc062723c751e8b465ee728b)  -> (artifact id: 'dc6c7c37599b4f4233f97fad19000120') in 0.043794 seconds 
========================================================================
Received Import Request.
  Time since last request: 0.000039 seconds.
  path: Assets/effect/bones/library/3/vnbvq_16.png
  artifactKey: Guid(2463c8db31645ff4087ce5a070326365) Importer(815301076,1909f56bfc062723c751e8b465ee728b)
Start importing Assets/effect/bones/library/3/vnbvq_16.png using Guid(2463c8db31645ff4087ce5a070326365) Importer(815301076,1909f56bfc062723c751e8b465ee728b)  -> (artifact id: 'd2e1e6553a9b88e835f6c06a871762f7') in 0.017051 seconds 
========================================================================
Received Import Request.
  Time since last request: 0.000060 seconds.
  path: Assets/effect/bones/library/3/vnbvq_21.png
  artifactKey: Guid(29fe2bcce5871ac4dbe4f7d488e99ca7) Importer(815301076,1909f56bfc062723c751e8b465ee728b)
Start importing Assets/effect/bones/library/3/vnbvq_21.png using Guid(29fe2bcce5871ac4dbe4f7d488e99ca7) Importer(815301076,1909f56bfc062723c751e8b465ee728b)  -> (artifact id: '63131001402418c267ba27619bbb1dbb') in 0.020547 seconds 
========================================================================
Received Import Request.
  Time since last request: 0.000024 seconds.
  path: Assets/effect/bones/library/3/vnbvq_14.png
  artifactKey: Guid(dfdcc4084b1252e41a9875618a2d3fc2) Importer(815301076,1909f56bfc062723c751e8b465ee728b)
Start importing Assets/effect/bones/library/3/vnbvq_14.png using Guid(dfdcc4084b1252e41a9875618a2d3fc2) Importer(815301076,1909f56bfc062723c751e8b465ee728b)  -> (artifact id: '4abe19a9102a16cabfdd381890ce1d09') in 0.015706 seconds 
========================================================================
Received Import Request.
  Time since last request: 0.000049 seconds.
  path: Assets/effect/bones/library/3/vnbvq_26.png
  artifactKey: Guid(ec795ea6a8a6938438d01dd68aafcec0) Importer(815301076,1909f56bfc062723c751e8b465ee728b)
Start importing Assets/effect/bones/library/3/vnbvq_26.png using Guid(ec795ea6a8a6938438d01dd68aafcec0) Importer(815301076,1909f56bfc062723c751e8b465ee728b)  -> (artifact id: '43fac67b3d8726f6b49b69ecf5dd4f43') in 0.014637 seconds 
========================================================================
Received Import Request.
  Time since last request: 6.757680 seconds.
  path: Assets/effect/bones/library/3/vnbvq_0.png
  artifactKey: Guid(a571ac5b442f8ee4a945c11912bb21da) Importer(815301076,1909f56bfc062723c751e8b465ee728b)
Start importing Assets/effect/bones/library/3/vnbvq_0.png using Guid(a571ac5b442f8ee4a945c11912bb21da) Importer(815301076,1909f56bfc062723c751e8b465ee728b)  -> (artifact id: '5e4ee6b7c5f10d451f39e8edb624154b') in 0.085684 seconds 
========================================================================
Received Import Request.
  Time since last request: 0.000020 seconds.
  path: Assets/effect/bones/library/3/vnbvq_5.png
  artifactKey: Guid(1f2cac166e5740c4d8c6a9b235b81648) Importer(815301076,1909f56bfc062723c751e8b465ee728b)
Start importing Assets/effect/bones/library/3/vnbvq_5.png using Guid(1f2cac166e5740c4d8c6a9b235b81648) Importer(815301076,1909f56bfc062723c751e8b465ee728b)  -> (artifact id: 'f83ae9aa832237de5ceb912ca3decf1e') in 0.083162 seconds 
========================================================================
Received Import Request.
  Time since last request: 0.000075 seconds.
  path: Assets/effect/bones/library/3/vnbvq_3.png
  artifactKey: Guid(2c1dbdb10e29d5d4fad4076e381b6e2f) Importer(815301076,1909f56bfc062723c751e8b465ee728b)
Start importing Assets/effect/bones/library/3/vnbvq_3.png using Guid(2c1dbdb10e29d5d4fad4076e381b6e2f) Importer(815301076,1909f56bfc062723c751e8b465ee728b)  -> (artifact id: '6b6b41f0dbf88ba7fbd28ecbfbec2ed2') in 0.018593 seconds 
========================================================================
Received Import Request.
  Time since last request: 11.356296 seconds.
  path: Assets/effect/bones/library/3/vnbvq_9.png
  artifactKey: Guid(c1a1baf3d081c3c4bae902382604f858) Importer(815301076,1909f56bfc062723c751e8b465ee728b)
Start importing Assets/effect/bones/library/3/vnbvq_9.png using Guid(c1a1baf3d081c3c4bae902382604f858) Importer(815301076,1909f56bfc062723c751e8b465ee728b)  -> (artifact id: 'bfb601e348c9d93e94c51dd296a9b357') in 0.016018 seconds 
========================================================================
Received Import Request.
  Time since last request: 10.966973 seconds.
  path: Assets/effect/bones/library/3/New Animator Controller.controller
  artifactKey: Guid(111e8862684847e4598a58b4cc075c92) Importer(815301076,1909f56bfc062723c751e8b465ee728b)
Start importing Assets/effect/bones/library/3/New Animator Controller.controller using Guid(111e8862684847e4598a58b4cc075c92) Importer(815301076,1909f56bfc062723c751e8b465ee728b)  -> (artifact id: '85b9fbcee078367474101b8ca1a9a521') in 0.006563 seconds 
========================================================================
Received Import Request.
  Time since last request: 0.554119 seconds.
  path: Assets/effect/bones/library/3/New Animation.anim
  artifactKey: Guid(3be3bb0f0b6af214e8d6d18d0ab24507) Importer(815301076,1909f56bfc062723c751e8b465ee728b)
Start importing Assets/effect/bones/library/3/New Animation.anim using Guid(3be3bb0f0b6af214e8d6d18d0ab24507) Importer(815301076,1909f56bfc062723c751e8b465ee728b)  -> (artifact id: 'ff61adad08e5d405de1c95ceaa84e82f') in 0.003083 seconds 
========================================================================
Received Prepare
Registering precompiled user dll's ...
Registered in 0.002675 seconds.
Begin MonoManager ReloadAssembly
Symbol file LoadedFromMemory doesn't match image E:\github_repo\Project_Mahjong_UITest\mahjong\Library\PackageCache\com.unity.visualscripting@1.8.0\Editor\VisualScripting.Core\Dependencies\YamlDotNet\Unity.VisualScripting.YamlDotNet.dll
Symbol file LoadedFromMemory doesn't match image E:\github_repo\Project_Mahjong_UITest\mahjong\Library\PackageCache\com.unity.visualscripting@1.8.0\Editor\VisualScripting.Core\Dependencies\DotNetZip\Unity.VisualScripting.IonicZip.dll
Native extension for WindowsStandalone target not found
Native extension for Android target not found
Refreshing native plugins compatible for Editor in 0.59 ms, found 3 plugins.
Preloading 0 native plugins for Editor in 0.00 ms.
Mono: successfully reloaded assembly
- Completed reload, in  1.213 seconds
Domain Reload Profiling:
	ReloadAssembly (1214ms)
		BeginReloadAssembly (198ms)
			ExecutionOrderSort (0ms)
			DisableScriptedObjects (5ms)
			BackupInstance (0ms)
			ReleaseScriptingObjects (0ms)
			CreateAndSetChildDomain (55ms)
		EndReloadAssembly (900ms)
			LoadAssemblies (117ms)
			RebuildTransferFunctionScriptingTraits (0ms)
			SetupTypeCache (358ms)
			ReleaseScriptCaches (1ms)
			RebuildScriptCaches (46ms)
			SetupLoadedEditorAssemblies (353ms)
				LogAssemblyErrors (0ms)
				InitializePlatformSupportModulesInManaged (23ms)
				SetLoadedEditorAssemblies (0ms)
				RefreshPlugins (1ms)
				BeforeProcessingInitializeOnLoad (65ms)
				ProcessInitializeOnLoadAttributes (230ms)
				ProcessInitializeOnLoadMethodAttributes (25ms)
				AfterProcessingInitializeOnLoad (9ms)
				EditorAssembliesLoaded (0ms)
			ExecutionOrderSort2 (0ms)
			AwakeInstancesAfterBackupRestoration (8ms)
Platform modules already initialized, skipping
Refreshing native plugins compatible for Editor in 2.98 ms, found 3 plugins.
Preloading 0 native plugins for Editor in 0.00 ms.
Unloading 3263 Unused Serialized files (Serialized files now loaded: 0)
Unloading 20 unused Assets / (81.5 KB). Loaded Objects now: 3775.
Memory consumption went from 139.5 MB to 139.4 MB.
Total: 5.523500 ms (FindLiveObjects: 0.361500 ms CreateObjectMapping: 0.700300 ms MarkObjects: 4.297300 ms  DeleteObjects: 0.162300 ms)

AssetImportParameters requested are different than current active one (requested -> active):
  custom:video-decoder-ogg-theora: a1e56fd34408186e4bbccfd4996cb3dc -> 
  custom:container-muxer-webm: aa71ff27fc2769a1b78a27578f13a17b -> 
  custom:container-demuxer-webm: 4f35f7cbe854078d1ac9338744f61a02 -> 
  custom:video-encoder-webm-vp8: eb34c28f22e8b96e1ab97ce403110664 -> 
  custom:audio-encoder-webm-vorbis: bf7c407c2cedff20999df2af8eb42d56 -> 
  custom:framework-win-MediaFoundation: 216162199b28c13a410421893ffa2e32 -> 
  custom:container-demuxer-ogg: 62fdf1f143b41e24485cea50d1cbac27 -> 
  custom:video-decoder-webm-vp8: 9c59270c3fd7afecdb556c50c9e8de78 -> 
  custom:audio-decoder-ogg-vorbis: bf7c407c2cedff20999df2af8eb42d56 -> 
========================================================================
Received Prepare
Registering precompiled user dll's ...
Registered in 0.003252 seconds.
Begin MonoManager ReloadAssembly
Symbol file LoadedFromMemory doesn't match image E:\github_repo\Project_Mahjong_UITest\mahjong\Library\PackageCache\com.unity.visualscripting@1.8.0\Editor\VisualScripting.Core\Dependencies\YamlDotNet\Unity.VisualScripting.YamlDotNet.dll
Symbol file LoadedFromMemory doesn't match image E:\github_repo\Project_Mahjong_UITest\mahjong\Library\PackageCache\com.unity.visualscripting@1.8.0\Editor\VisualScripting.Core\Dependencies\DotNetZip\Unity.VisualScripting.IonicZip.dll
Native extension for WindowsStandalone target not found
Native extension for Android target not found
Refreshing native plugins compatible for Editor in 0.56 ms, found 3 plugins.
Preloading 0 native plugins for Editor in 0.00 ms.
Mono: successfully reloaded assembly
- Completed reload, in  1.073 seconds
Domain Reload Profiling:
	ReloadAssembly (1073ms)
		BeginReloadAssembly (141ms)
			ExecutionOrderSort (0ms)
			DisableScriptedObjects (6ms)
			BackupInstance (0ms)
			ReleaseScriptingObjects (0ms)
			CreateAndSetChildDomain (31ms)
		EndReloadAssembly (823ms)
			LoadAssemblies (94ms)
			RebuildTransferFunctionScriptingTraits (0ms)
			SetupTypeCache (305ms)
			ReleaseScriptCaches (1ms)
			RebuildScriptCaches (44ms)
			SetupLoadedEditorAssemblies (336ms)
				LogAssemblyErrors (0ms)
				InitializePlatformSupportModulesInManaged (22ms)
				SetLoadedEditorAssemblies (0ms)
				RefreshPlugins (1ms)
				BeforeProcessingInitializeOnLoad (64ms)
				ProcessInitializeOnLoadAttributes (218ms)
				ProcessInitializeOnLoadMethodAttributes (24ms)
				AfterProcessingInitializeOnLoad (6ms)
				EditorAssembliesLoaded (0ms)
			ExecutionOrderSort2 (0ms)
			AwakeInstancesAfterBackupRestoration (7ms)
Platform modules already initialized, skipping
Refreshing native plugins compatible for Editor in 3.16 ms, found 3 plugins.
Preloading 0 native plugins for Editor in 0.00 ms.
Unloading 3263 Unused Serialized files (Serialized files now loaded: 0)
Unloading 20 unused Assets / (81.6 KB). Loaded Objects now: 3778.
Memory consumption went from 139.5 MB to 139.4 MB.
Total: 6.623500 ms (FindLiveObjects: 0.410400 ms CreateObjectMapping: 0.363400 ms MarkObjects: 5.544800 ms  DeleteObjects: 0.303000 ms)

AssetImportParameters requested are different than current active one (requested -> active):
  custom:video-decoder-ogg-theora: a1e56fd34408186e4bbccfd4996cb3dc -> 
  custom:container-muxer-webm: aa71ff27fc2769a1b78a27578f13a17b -> 
  custom:container-demuxer-webm: 4f35f7cbe854078d1ac9338744f61a02 -> 
  custom:video-encoder-webm-vp8: eb34c28f22e8b96e1ab97ce403110664 -> 
  custom:audio-encoder-webm-vorbis: bf7c407c2cedff20999df2af8eb42d56 -> 
  custom:framework-win-MediaFoundation: 216162199b28c13a410421893ffa2e32 -> 
  custom:container-demuxer-ogg: 62fdf1f143b41e24485cea50d1cbac27 -> 
  custom:video-decoder-webm-vp8: 9c59270c3fd7afecdb556c50c9e8de78 -> 
  custom:audio-decoder-ogg-vorbis: bf7c407c2cedff20999df2af8eb42d56 -> 
========================================================================
Received Import Request.
  Time since last request: 85.148105 seconds.
  path: Assets/effect/Hovl Studio/Magic effects pack/Models
  artifactKey: Guid(ad4081446914afa4e94efff5e5b27056) Importer(815301076,1909f56bfc062723c751e8b465ee728b)
Start importing Assets/effect/Hovl Studio/Magic effects pack/Models using Guid(ad4081446914afa4e94efff5e5b27056) Importer(815301076,1909f56bfc062723c751e8b465ee728b)  -> (artifact id: '4c327ba59a2870de8fe2dafba2be8741') in 0.014801 seconds 
========================================================================
Received Import Request.
  Time since last request: 2.054020 seconds.
  path: Assets/effect/Hovl Studio/Magic effects pack/Materials/Arrow1.mat
  artifactKey: Guid(00b2a55319476cf40b84578eb2f8c2df) Importer(815301076,1909f56bfc062723c751e8b465ee728b)
Start importing Assets/effect/Hovl Studio/Magic effects pack/Materials/Arrow1.mat using Guid(00b2a55319476cf40b84578eb2f8c2df) Importer(815301076,1909f56bfc062723c751e8b465ee728b)  -> (artifact id: '77ed339c3f17eb9e82ae5b395d44a8ec') in 0.200189 seconds 
========================================================================
Received Import Request.
  Time since last request: 0.000040 seconds.
  path: Assets/effect/Hovl Studio/Magic effects pack/Materials/Slash.mat
  artifactKey: Guid(8b3cc142b0783eb40be02cde5b31ca6a) Importer(815301076,1909f56bfc062723c751e8b465ee728b)
Start importing Assets/effect/Hovl Studio/Magic effects pack/Materials/Slash.mat using Guid(8b3cc142b0783eb40be02cde5b31ca6a) Importer(815301076,1909f56bfc062723c751e8b465ee728b)  -> (artifact id: '4cf4ce7599c6320d68a9f8d4902ff4c2') in 0.060023 seconds 
========================================================================
Received Import Request.
  Time since last request: 0.000042 seconds.
  path: Assets/effect/Hovl Studio/Magic effects pack/Materials/Gradient.mat
  artifactKey: Guid(2ae196836e3f6ce438e93e246a6ab900) Importer(815301076,1909f56bfc062723c751e8b465ee728b)
Start importing Assets/effect/Hovl Studio/Magic effects pack/Materials/Gradient.mat using Guid(2ae196836e3f6ce438e93e246a6ab900) Importer(815301076,1909f56bfc062723c751e8b465ee728b)  -> (artifact id: '9583b939cd3f3562a6031bf6530e6282') in 0.036191 seconds 
========================================================================
Received Import Request.
  Time since last request: 0.000019 seconds.
  path: Assets/effect/Hovl Studio/Magic effects pack/Materials/Smoke26.mat
  artifactKey: Guid(616a777eb757ff14c82a79feeb35d9b1) Importer(815301076,1909f56bfc062723c751e8b465ee728b)
Start importing Assets/effect/Hovl Studio/Magic effects pack/Materials/Smoke26.mat using Guid(616a777eb757ff14c82a79feeb35d9b1) Importer(815301076,1909f56bfc062723c751e8b465ee728b)  -> (artifact id: 'b544139628cc38a489e94358b98f5778') in 0.032799 seconds 
========================================================================
Received Import Request.
  Time since last request: 0.000023 seconds.
  path: Assets/effect/Hovl Studio/Magic effects pack/Materials/Star.mat
  artifactKey: Guid(f7fb42690dbaf0d408f1f55ea89b7be8) Importer(815301076,1909f56bfc062723c751e8b465ee728b)
Start importing Assets/effect/Hovl Studio/Magic effects pack/Materials/Star.mat using Guid(f7fb42690dbaf0d408f1f55ea89b7be8) Importer(815301076,1909f56bfc062723c751e8b465ee728b)  -> (artifact id: '858ea5eaca5d09ddee213ede854c80a0') in 0.043038 seconds 
========================================================================
Received Import Request.
  Time since last request: 0.000034 seconds.
  path: Assets/effect/Hovl Studio/Magic effects pack/Materials/Flash.mat
  artifactKey: Guid(db3488de871721d4f83250ff2af716b7) Importer(815301076,1909f56bfc062723c751e8b465ee728b)
Start importing Assets/effect/Hovl Studio/Magic effects pack/Materials/Flash.mat using Guid(db3488de871721d4f83250ff2af716b7) Importer(815301076,1909f56bfc062723c751e8b465ee728b)  -> (artifact id: '1e62855b2ed5c75ee08ba0dc6363db04') in 0.022141 seconds 
Editor requested this worker to shutdown with reason: Scaling down because of idle timeout
AssetImportWorker is now disconnected from the server
Process exiting
Exiting without the bug reporter. Application will terminate with return code 0