Using pre-set license
Built from '2021.3/staging' branch; Version is '2021.3.25f1 (68ef2c4f8861) revision 6876972'; Using compiler version '192829333'; Build Type 'Release'
OS: 'Windows 11  (10.0.22621) 64bit Core' Language: 'zh' Physical Memory: 23981 MB
BatchMode: 1, IsHumanControllingUs: 0, StartBugReporterOnCrash: 0, Is64bit: 1, IsPro: 1

COMMAND LINE ARGUMENTS:
D:\Unity\2021.3.25f1\Editor\Unity.exe
-adb2
-batchMode
-noUpm
-name
AssetImportWorker6
-projectPath
D:/Project_Mahjong/Project_Mahjong_UITest/mahjong
-logFile
Logs/AssetImportWorker6.log
-srvPort
63119
Successfully changed project path to: D:/Project_Mahjong/Project_Mahjong_UITest/mahjong
D:/Project_Mahjong/Project_Mahjong_UITest/mahjong
[UnityMemory] Configuration Parameters - Can be set up in boot.config
    "memorysetup-bucket-allocator-granularity=16"
    "memorysetup-bucket-allocator-bucket-count=8"
    "memorysetup-bucket-allocator-block-size=33554432"
    "memorysetup-bucket-allocator-block-count=8"
    "memorysetup-main-allocator-block-size=16777216"
    "memorysetup-thread-allocator-block-size=16777216"
    "memorysetup-gfx-main-allocator-block-size=16777216"
    "memorysetup-gfx-thread-allocator-block-size=16777216"
    "memorysetup-cache-allocator-block-size=4194304"
    "memorysetup-typetree-allocator-block-size=2097152"
    "memorysetup-profiler-bucket-allocator-granularity=16"
    "memorysetup-profiler-bucket-allocator-bucket-count=8"
    "memorysetup-profiler-bucket-allocator-block-size=33554432"
    "memorysetup-profiler-bucket-allocator-block-count=8"
    "memorysetup-profiler-allocator-block-size=16777216"
    "memorysetup-profiler-editor-allocator-block-size=1048576"
    "memorysetup-temp-allocator-size-main=16777216"
    "memorysetup-job-temp-allocator-block-size=2097152"
    "memorysetup-job-temp-allocator-block-size-background=1048576"
    "memorysetup-job-temp-allocator-reduction-small-platforms=262144"
    "memorysetup-temp-allocator-size-background-worker=32768"
    "memorysetup-temp-allocator-size-job-worker=262144"
    "memorysetup-temp-allocator-size-preload-manager=33554432"
    "memorysetup-temp-allocator-size-nav-mesh-worker=65536"
    "memorysetup-temp-allocator-size-audio-worker=65536"
    "memorysetup-temp-allocator-size-cloud-worker=32768"
    "memorysetup-temp-allocator-size-gi-baking-worker=262144"
    "memorysetup-temp-allocator-size-gfx=262144"
Player connection [45812] Host "[IP] 26.11.177.86 [Port] 0 [Flags] 2 [Guid] 99524758 [EditorId] 99524758 [Version] 1048832 [Id] WindowsEditor(7,LAPTOP-8TGAMCPP) [Debug] 1 [PackageName] WindowsEditor [ProjectName] Editor" joined multi-casting on [225.0.0.222:54997]...

Player connection [45812] Host "[IP] 26.11.177.86 [Port] 0 [Flags] 2 [Guid] 99524758 [EditorId] 99524758 [Version] 1048832 [Id] WindowsEditor(7,LAPTOP-8TGAMCPP) [Debug] 1 [PackageName] WindowsEditor [ProjectName] Editor" joined alternative multi-casting on [225.0.0.222:34997]...

Refreshing native plugins compatible for Editor in 86.33 ms, found 3 plugins.
Preloading 0 native plugins for Editor in 0.00 ms.
Initialize engine version: 2021.3.25f1 (68ef2c4f8861)
[Subsystems] Discovering subsystems at path D:/Unity/2021.3.25f1/Editor/Data/Resources/UnitySubsystems
[Subsystems] Discovering subsystems at path D:/Project_Mahjong/Project_Mahjong_UITest/mahjong/Assets
GfxDevice: creating device client; threaded=0; jobified=0
Direct3D:
    Version:  Direct3D 11.0 [level 11.1]
    Renderer: NVIDIA GeForce RTX 2060 with Max-Q Design (ID=0x1f12)
    Vendor:   NVIDIA
    VRAM:     5968 MB
    Driver:   31.0.15.3640
Initialize mono
Mono path[0] = 'D:/Unity/2021.3.25f1/Editor/Data/Managed'
Mono path[1] = 'D:/Unity/2021.3.25f1/Editor/Data/MonoBleedingEdge/lib/mono/unityjit-win32'
Mono config path = 'D:/Unity/2021.3.25f1/Editor/Data/MonoBleedingEdge/etc'
Using monoOptions --debugger-agent=transport=dt_socket,embedding=1,server=y,suspend=n,address=127.0.0.1:56156
Begin MonoManager ReloadAssembly
Registering precompiled unity dll's ...
Register platform support module: D:/Unity/2021.3.25f1/Editor/Data/PlaybackEngines/AndroidPlayer/UnityEditor.Android.Extensions.dll
Register platform support module: D:/Unity/2021.3.25f1/Editor/Data/PlaybackEngines/WindowsStandaloneSupport/UnityEditor.WindowsStandalone.Extensions.dll
Registered in 0.001783 seconds.
Native extension for WindowsStandalone target not found
Native extension for Android target not found
Android Extension - Scanning For ADB Devices 340 ms
Refreshing native plugins compatible for Editor in 84.41 ms, found 3 plugins.
Preloading 0 native plugins for Editor in 0.00 ms.
Mono: successfully reloaded assembly
- Completed reload, in  1.075 seconds
Domain Reload Profiling:
	ReloadAssembly (1075ms)
		BeginReloadAssembly (103ms)
			ExecutionOrderSort (0ms)
			DisableScriptedObjects (0ms)
			BackupInstance (0ms)
			ReleaseScriptingObjects (0ms)
			CreateAndSetChildDomain (1ms)
		EndReloadAssembly (878ms)
			LoadAssemblies (104ms)
			RebuildTransferFunctionScriptingTraits (0ms)
			SetupTypeCache (130ms)
			ReleaseScriptCaches (0ms)
			RebuildScriptCaches (29ms)
			SetupLoadedEditorAssemblies (664ms)
				LogAssemblyErrors (0ms)
				InitializePlatformSupportModulesInManaged (444ms)
				SetLoadedEditorAssemblies (0ms)
				RefreshPlugins (85ms)
				BeforeProcessingInitializeOnLoad (1ms)
				ProcessInitializeOnLoadAttributes (94ms)
				ProcessInitializeOnLoadMethodAttributes (40ms)
				AfterProcessingInitializeOnLoad (0ms)
				EditorAssembliesLoaded (0ms)
			ExecutionOrderSort2 (0ms)
			AwakeInstancesAfterBackupRestoration (0ms)
Platform modules already initialized, skipping
Registering precompiled user dll's ...
Registered in 0.003389 seconds.
Begin MonoManager ReloadAssembly
Symbol file LoadedFromMemory doesn't match image D:\Project_Mahjong\Project_Mahjong_UITest\mahjong\Library\PackageCache\com.unity.visualscripting@1.8.0\Editor\VisualScripting.Core\Dependencies\YamlDotNet\Unity.VisualScripting.YamlDotNet.dll
Symbol file LoadedFromMemory doesn't match image D:\Project_Mahjong\Project_Mahjong_UITest\mahjong\Library\PackageCache\com.unity.visualscripting@1.8.0\Editor\VisualScripting.Core\Dependencies\DotNetZip\Unity.VisualScripting.IonicZip.dll
Native extension for WindowsStandalone target not found
Native extension for Android target not found
Refreshing native plugins compatible for Editor in 0.62 ms, found 3 plugins.
Preloading 0 native plugins for Editor in 0.00 ms.
Mono: successfully reloaded assembly
Package Manager log level set to [2]
- Completed reload, in  1.067 seconds
Domain Reload Profiling:
	ReloadAssembly (1068ms)
		BeginReloadAssembly (101ms)
			ExecutionOrderSort (0ms)
			DisableScriptedObjects (5ms)
			BackupInstance (0ms)
			ReleaseScriptingObjects (0ms)
			CreateAndSetChildDomain (20ms)
		EndReloadAssembly (873ms)
			LoadAssemblies (77ms)
			RebuildTransferFunctionScriptingTraits (0ms)
			SetupTypeCache (243ms)
			ReleaseScriptCaches (1ms)
			RebuildScriptCaches (48ms)
			SetupLoadedEditorAssemblies (470ms)
				LogAssemblyErrors (0ms)
				InitializePlatformSupportModulesInManaged (16ms)
				SetLoadedEditorAssemblies (0ms)
				RefreshPlugins (1ms)
				BeforeProcessingInitializeOnLoad (73ms)
				ProcessInitializeOnLoadAttributes (362ms)
				ProcessInitializeOnLoadMethodAttributes (17ms)
				AfterProcessingInitializeOnLoad (2ms)
				EditorAssembliesLoaded (0ms)
			ExecutionOrderSort2 (0ms)
			AwakeInstancesAfterBackupRestoration (6ms)
Platform modules already initialized, skipping
========================================================================
Worker process is ready to serve import requests
Launched and connected shader compiler UnityShaderCompiler.exe after 0.06 seconds
Refreshing native plugins compatible for Editor in 0.63 ms, found 3 plugins.
Preloading 0 native plugins for Editor in 0.00 ms.
Unloading 3317 Unused Serialized files (Serialized files now loaded: 0)
Unloading 27 unused Assets / (342.9 KB). Loaded Objects now: 3806.
Memory consumption went from 218.9 MB to 218.6 MB.
Total: 4.033700 ms (FindLiveObjects: 0.520700 ms CreateObjectMapping: 0.254100 ms MarkObjects: 3.121900 ms  DeleteObjects: 0.134400 ms)

AssetImportParameters requested are different than current active one (requested -> active):
  custom:video-decoder-ogg-theora: a1e56fd34408186e4bbccfd4996cb3dc -> 
  custom:container-muxer-webm: aa71ff27fc2769a1b78a27578f13a17b -> 
  custom:container-demuxer-webm: 4f35f7cbe854078d1ac9338744f61a02 -> 
  custom:video-encoder-webm-vp8: eb34c28f22e8b96e1ab97ce403110664 -> 
  custom:video-codec-MediaFoundation-h265: 746d11721c4dcdbdad8f713fa42b33f4 -> 
  custom:audio-encoder-webm-vorbis: bf7c407c2cedff20999df2af8eb42d56 -> 
  custom:framework-win-MediaFoundation: 216162199b28c13a410421893ffa2e32 -> 
  custom:container-demuxer-ogg: 62fdf1f143b41e24485cea50d1cbac27 -> 
  custom:video-decoder-webm-vp8: 9c59270c3fd7afecdb556c50c9e8de78 -> 
  custom:audio-decoder-ogg-vorbis: bf7c407c2cedff20999df2af8eb42d56 -> 
========================================================================
Received Prepare
Registering precompiled user dll's ...
Registered in 0.004163 seconds.
Begin MonoManager ReloadAssembly
Symbol file LoadedFromMemory doesn't match image D:\Project_Mahjong\Project_Mahjong_UITest\mahjong\Library\PackageCache\com.unity.visualscripting@1.8.0\Editor\VisualScripting.Core\Dependencies\YamlDotNet\Unity.VisualScripting.YamlDotNet.dll
Symbol file LoadedFromMemory doesn't match image D:\Project_Mahjong\Project_Mahjong_UITest\mahjong\Library\PackageCache\com.unity.visualscripting@1.8.0\Editor\VisualScripting.Core\Dependencies\DotNetZip\Unity.VisualScripting.IonicZip.dll
Native extension for WindowsStandalone target not found
Native extension for Android target not found
Refreshing native plugins compatible for Editor in 1.00 ms, found 3 plugins.
Preloading 0 native plugins for Editor in 0.00 ms.
Mono: successfully reloaded assembly
- Completed reload, in  1.128 seconds
Domain Reload Profiling:
	ReloadAssembly (1130ms)
		BeginReloadAssembly (167ms)
			ExecutionOrderSort (0ms)
			DisableScriptedObjects (7ms)
			BackupInstance (0ms)
			ReleaseScriptingObjects (0ms)
			CreateAndSetChildDomain (52ms)
		EndReloadAssembly (879ms)
			LoadAssemblies (88ms)
			RebuildTransferFunctionScriptingTraits (0ms)
			SetupTypeCache (276ms)
			ReleaseScriptCaches (1ms)
			RebuildScriptCaches (42ms)
			SetupLoadedEditorAssemblies (439ms)
				LogAssemblyErrors (0ms)
				InitializePlatformSupportModulesInManaged (23ms)
				SetLoadedEditorAssemblies (0ms)
				RefreshPlugins (1ms)
				BeforeProcessingInitializeOnLoad (59ms)
				ProcessInitializeOnLoadAttributes (334ms)
				ProcessInitializeOnLoadMethodAttributes (19ms)
				AfterProcessingInitializeOnLoad (2ms)
				EditorAssembliesLoaded (0ms)
			ExecutionOrderSort2 (0ms)
			AwakeInstancesAfterBackupRestoration (5ms)
Platform modules already initialized, skipping
Refreshing native plugins compatible for Editor in 1.75 ms, found 3 plugins.
Preloading 0 native plugins for Editor in 0.00 ms.
Unloading 3298 Unused Serialized files (Serialized files now loaded: 0)
Unloading 20 unused Assets / (82.0 KB). Loaded Objects now: 3809.
Memory consumption went from 216.9 MB to 216.8 MB.
Total: 3.873400 ms (FindLiveObjects: 0.317500 ms CreateObjectMapping: 0.098500 ms MarkObjects: 3.341000 ms  DeleteObjects: 0.115000 ms)

AssetImportParameters requested are different than current active one (requested -> active):
  custom:video-decoder-ogg-theora: a1e56fd34408186e4bbccfd4996cb3dc -> 
  custom:container-muxer-webm: aa71ff27fc2769a1b78a27578f13a17b -> 
  custom:container-demuxer-webm: 4f35f7cbe854078d1ac9338744f61a02 -> 
  custom:video-encoder-webm-vp8: eb34c28f22e8b96e1ab97ce403110664 -> 
  custom:video-codec-MediaFoundation-h265: 746d11721c4dcdbdad8f713fa42b33f4 -> 
  custom:audio-encoder-webm-vorbis: bf7c407c2cedff20999df2af8eb42d56 -> 
  custom:framework-win-MediaFoundation: 216162199b28c13a410421893ffa2e32 -> 
  custom:container-demuxer-ogg: 62fdf1f143b41e24485cea50d1cbac27 -> 
  custom:video-decoder-webm-vp8: 9c59270c3fd7afecdb556c50c9e8de78 -> 
  custom:audio-decoder-ogg-vorbis: bf7c407c2cedff20999df2af8eb42d56 -> 
========================================================================
Received Prepare
Registering precompiled user dll's ...
Registered in 0.002904 seconds.
Begin MonoManager ReloadAssembly
Symbol file LoadedFromMemory doesn't match image D:\Project_Mahjong\Project_Mahjong_UITest\mahjong\Library\PackageCache\com.unity.visualscripting@1.8.0\Editor\VisualScripting.Core\Dependencies\YamlDotNet\Unity.VisualScripting.YamlDotNet.dll
Symbol file LoadedFromMemory doesn't match image D:\Project_Mahjong\Project_Mahjong_UITest\mahjong\Library\PackageCache\com.unity.visualscripting@1.8.0\Editor\VisualScripting.Core\Dependencies\DotNetZip\Unity.VisualScripting.IonicZip.dll
Native extension for WindowsStandalone target not found
Native extension for Android target not found
Refreshing native plugins compatible for Editor in 0.91 ms, found 3 plugins.
Preloading 0 native plugins for Editor in 0.00 ms.
Mono: successfully reloaded assembly
- Completed reload, in  1.110 seconds
Domain Reload Profiling:
	ReloadAssembly (1111ms)
		BeginReloadAssembly (140ms)
			ExecutionOrderSort (0ms)
			DisableScriptedObjects (5ms)
			BackupInstance (0ms)
			ReleaseScriptingObjects (0ms)
			CreateAndSetChildDomain (41ms)
		EndReloadAssembly (882ms)
			LoadAssemblies (105ms)
			RebuildTransferFunctionScriptingTraits (0ms)
			SetupTypeCache (281ms)
			ReleaseScriptCaches (1ms)
			RebuildScriptCaches (40ms)
			SetupLoadedEditorAssemblies (423ms)
				LogAssemblyErrors (0ms)
				InitializePlatformSupportModulesInManaged (21ms)
				SetLoadedEditorAssemblies (0ms)
				RefreshPlugins (1ms)
				BeforeProcessingInitializeOnLoad (58ms)
				ProcessInitializeOnLoadAttributes (322ms)
				ProcessInitializeOnLoadMethodAttributes (18ms)
				AfterProcessingInitializeOnLoad (2ms)
				EditorAssembliesLoaded (0ms)
			ExecutionOrderSort2 (0ms)
			AwakeInstancesAfterBackupRestoration (8ms)
Platform modules already initialized, skipping
Refreshing native plugins compatible for Editor in 1.84 ms, found 3 plugins.
Preloading 0 native plugins for Editor in 0.00 ms.
Unloading 3298 Unused Serialized files (Serialized files now loaded: 0)
Unloading 20 unused Assets / (82.0 KB). Loaded Objects now: 3812.
Memory consumption went from 216.9 MB to 216.8 MB.
Total: 3.750600 ms (FindLiveObjects: 0.299200 ms CreateObjectMapping: 0.101300 ms MarkObjects: 3.227800 ms  DeleteObjects: 0.120500 ms)

AssetImportParameters requested are different than current active one (requested -> active):
  custom:video-decoder-ogg-theora: a1e56fd34408186e4bbccfd4996cb3dc -> 
  custom:container-muxer-webm: aa71ff27fc2769a1b78a27578f13a17b -> 
  custom:container-demuxer-webm: 4f35f7cbe854078d1ac9338744f61a02 -> 
  custom:video-encoder-webm-vp8: eb34c28f22e8b96e1ab97ce403110664 -> 
  custom:video-codec-MediaFoundation-h265: 746d11721c4dcdbdad8f713fa42b33f4 -> 
  custom:audio-encoder-webm-vorbis: bf7c407c2cedff20999df2af8eb42d56 -> 
  custom:framework-win-MediaFoundation: 216162199b28c13a410421893ffa2e32 -> 
  custom:container-demuxer-ogg: 62fdf1f143b41e24485cea50d1cbac27 -> 
  custom:video-decoder-webm-vp8: 9c59270c3fd7afecdb556c50c9e8de78 -> 
  custom:audio-decoder-ogg-vorbis: bf7c407c2cedff20999df2af8eb42d56 -> 
========================================================================
Received Prepare
Registering precompiled user dll's ...
Registered in 0.003285 seconds.
Begin MonoManager ReloadAssembly
Symbol file LoadedFromMemory doesn't match image D:\Project_Mahjong\Project_Mahjong_UITest\mahjong\Library\PackageCache\com.unity.visualscripting@1.8.0\Editor\VisualScripting.Core\Dependencies\YamlDotNet\Unity.VisualScripting.YamlDotNet.dll
Symbol file LoadedFromMemory doesn't match image D:\Project_Mahjong\Project_Mahjong_UITest\mahjong\Library\PackageCache\com.unity.visualscripting@1.8.0\Editor\VisualScripting.Core\Dependencies\DotNetZip\Unity.VisualScripting.IonicZip.dll
Native extension for WindowsStandalone target not found
Native extension for Android target not found
Refreshing native plugins compatible for Editor in 0.80 ms, found 3 plugins.
Preloading 0 native plugins for Editor in 0.00 ms.
Mono: successfully reloaded assembly
- Completed reload, in  1.169 seconds
Domain Reload Profiling:
	ReloadAssembly (1171ms)
		BeginReloadAssembly (145ms)
			ExecutionOrderSort (0ms)
			DisableScriptedObjects (7ms)
			BackupInstance (0ms)
			ReleaseScriptingObjects (0ms)
			CreateAndSetChildDomain (41ms)
		EndReloadAssembly (930ms)
			LoadAssemblies (91ms)
			RebuildTransferFunctionScriptingTraits (0ms)
			SetupTypeCache (277ms)
			ReleaseScriptCaches (1ms)
			RebuildScriptCaches (42ms)
			SetupLoadedEditorAssemblies (471ms)
				LogAssemblyErrors (0ms)
				InitializePlatformSupportModulesInManaged (18ms)
				SetLoadedEditorAssemblies (0ms)
				RefreshPlugins (1ms)
				BeforeProcessingInitializeOnLoad (60ms)
				ProcessInitializeOnLoadAttributes (365ms)
				ProcessInitializeOnLoadMethodAttributes (26ms)
				AfterProcessingInitializeOnLoad (2ms)
				EditorAssembliesLoaded (0ms)
			ExecutionOrderSort2 (0ms)
			AwakeInstancesAfterBackupRestoration (6ms)
Platform modules already initialized, skipping
Refreshing native plugins compatible for Editor in 2.40 ms, found 3 plugins.
Preloading 0 native plugins for Editor in 0.00 ms.
Unloading 3298 Unused Serialized files (Serialized files now loaded: 0)
Unloading 20 unused Assets / (81.9 KB). Loaded Objects now: 3815.
Memory consumption went from 216.9 MB to 216.8 MB.
Total: 3.900200 ms (FindLiveObjects: 0.378800 ms CreateObjectMapping: 0.163000 ms MarkObjects: 3.214800 ms  DeleteObjects: 0.141200 ms)

AssetImportParameters requested are different than current active one (requested -> active):
  custom:video-decoder-ogg-theora: a1e56fd34408186e4bbccfd4996cb3dc -> 
  custom:container-muxer-webm: aa71ff27fc2769a1b78a27578f13a17b -> 
  custom:container-demuxer-webm: 4f35f7cbe854078d1ac9338744f61a02 -> 
  custom:video-encoder-webm-vp8: eb34c28f22e8b96e1ab97ce403110664 -> 
  custom:video-codec-MediaFoundation-h265: 746d11721c4dcdbdad8f713fa42b33f4 -> 
  custom:audio-encoder-webm-vorbis: bf7c407c2cedff20999df2af8eb42d56 -> 
  custom:framework-win-MediaFoundation: 216162199b28c13a410421893ffa2e32 -> 
  custom:container-demuxer-ogg: 62fdf1f143b41e24485cea50d1cbac27 -> 
  custom:video-decoder-webm-vp8: 9c59270c3fd7afecdb556c50c9e8de78 -> 
  custom:audio-decoder-ogg-vorbis: bf7c407c2cedff20999df2af8eb42d56 -> 
========================================================================
Received Import Request.
  Time since last request: 254462.548912 seconds.
  path: Assets/Prefabs/backup/GroupOfKong.prefab
  artifactKey: Guid(e9c394bc9bcb147429e6869e03607aa1) Importer(815301076,1909f56bfc062723c751e8b465ee728b)
Start importing Assets/Prefabs/backup/GroupOfKong.prefab using Guid(e9c394bc9bcb147429e6869e03607aa1) Importer(815301076,1909f56bfc062723c751e8b465ee728b)  -> (artifact id: '989b986b94396ab82c1a13d8006e13f7') in 0.110364 seconds 
========================================================================
Received Import Request.
  Time since last request: 0.000038 seconds.
  path: Assets/Prefabs/backup/Main_Tiles 1.prefab
  artifactKey: Guid(9e97ca9f0a4b28c4698c020f5789b8e7) Importer(815301076,1909f56bfc062723c751e8b465ee728b)
Start importing Assets/Prefabs/backup/Main_Tiles 1.prefab using Guid(9e97ca9f0a4b28c4698c020f5789b8e7) Importer(815301076,1909f56bfc062723c751e8b465ee728b)  -> (artifact id: '57a4cec60433548c966271413deabb03') in 0.031065 seconds 
========================================================================
Received Import Request.
  Time since last request: 1.480346 seconds.
  path: Assets/Prefabs/AbandonedTiles.prefab
  artifactKey: Guid(ada0c8304d99115438ca24c56fa21782) Importer(815301076,1909f56bfc062723c751e8b465ee728b)
Start importing Assets/Prefabs/AbandonedTiles.prefab using Guid(ada0c8304d99115438ca24c56fa21782) Importer(815301076,1909f56bfc062723c751e8b465ee728b)  -> (artifact id: '014290aa46de901492cf3a9d1d2b55da') in 0.034575 seconds 
========================================================================
Received Import Request.
  Time since last request: 0.000029 seconds.
  path: Assets/Prefabs/Whole Table.prefab
  artifactKey: Guid(233a65ac4c00e0e4994d6ecdb5293833) Importer(815301076,1909f56bfc062723c751e8b465ee728b)
Start importing Assets/Prefabs/Whole Table.prefab using Guid(233a65ac4c00e0e4994d6ecdb5293833) Importer(815301076,1909f56bfc062723c751e8b465ee728b)  -> (artifact id: '39ead9fb266f814597e68b3791b1dbe4') in 0.264364 seconds 
========================================================================
Received Import Request.
  Time since last request: 0.000036 seconds.
  path: Assets/Prefabs/Player_Tiles(W E).prefab
  artifactKey: Guid(b0ddd5790c32a0847bf96b91feed0673) Importer(815301076,1909f56bfc062723c751e8b465ee728b)
Start importing Assets/Prefabs/Player_Tiles(W E).prefab using Guid(b0ddd5790c32a0847bf96b91feed0673) Importer(815301076,1909f56bfc062723c751e8b465ee728b)  -> (artifact id: '30b97dc35f543c96f3bb5cea25456b10') in 0.110800 seconds 
========================================================================
Received Import Request.
  Time since last request: 21.775878 seconds.
  path: Assets/Prefabs
  artifactKey: Guid(38826caf6ade8ab45ba179a89c00b97a) Importer(815301076,1909f56bfc062723c751e8b465ee728b)
Start importing Assets/Prefabs using Guid(38826caf6ade8ab45ba179a89c00b97a) Importer(815301076,1909f56bfc062723c751e8b465ee728b)  -> (artifact id: 'fd43ccb30b85b9d95c2f1815bd6072f9') in 0.015255 seconds 
========================================================================
Received Import Request.
  Time since last request: 35.266070 seconds.
  path: Assets/Prefabs/AssetsPool.prefab
  artifactKey: Guid(1d5e106e6fa2ab147aa3511a3ac24435) Importer(815301076,1909f56bfc062723c751e8b465ee728b)
Start importing Assets/Prefabs/AssetsPool.prefab using Guid(1d5e106e6fa2ab147aa3511a3ac24435) Importer(815301076,1909f56bfc062723c751e8b465ee728b)  -> (artifact id: 'ff6ccfb72c04564f8b61084dad083821') in 0.012681 seconds 
========================================================================
Received Import Request.
  Time since last request: 22.438941 seconds.
  path: Assets/Scripts/AssetsPoolController.cs
  artifactKey: Guid(d84b62884b53a27468beb2aa3a7d9240) Importer(815301076,1909f56bfc062723c751e8b465ee728b)
Start importing Assets/Scripts/AssetsPoolController.cs using Guid(d84b62884b53a27468beb2aa3a7d9240) Importer(815301076,1909f56bfc062723c751e8b465ee728b)  -> (artifact id: 'f18831b5d08236686ef4e309f7ba9114') in 0.019505 seconds 
========================================================================
Received Prepare
Registering precompiled user dll's ...
Registered in 0.003877 seconds.
Begin MonoManager ReloadAssembly
Symbol file LoadedFromMemory doesn't match image D:\Project_Mahjong\Project_Mahjong_UITest\mahjong\Library\PackageCache\com.unity.visualscripting@1.8.0\Editor\VisualScripting.Core\Dependencies\YamlDotNet\Unity.VisualScripting.YamlDotNet.dll
Symbol file LoadedFromMemory doesn't match image D:\Project_Mahjong\Project_Mahjong_UITest\mahjong\Library\PackageCache\com.unity.visualscripting@1.8.0\Editor\VisualScripting.Core\Dependencies\DotNetZip\Unity.VisualScripting.IonicZip.dll
Native extension for WindowsStandalone target not found
Native extension for Android target not found
Refreshing native plugins compatible for Editor in 0.98 ms, found 3 plugins.
Preloading 0 native plugins for Editor in 0.00 ms.
Mono: successfully reloaded assembly
- Completed reload, in  1.133 seconds
Domain Reload Profiling:
	ReloadAssembly (1134ms)
		BeginReloadAssembly (148ms)
			ExecutionOrderSort (0ms)
			DisableScriptedObjects (5ms)
			BackupInstance (0ms)
			ReleaseScriptingObjects (0ms)
			CreateAndSetChildDomain (41ms)
		EndReloadAssembly (885ms)
			LoadAssemblies (105ms)
			RebuildTransferFunctionScriptingTraits (0ms)
			SetupTypeCache (257ms)
			ReleaseScriptCaches (1ms)
			RebuildScriptCaches (44ms)
			SetupLoadedEditorAssemblies (438ms)
				LogAssemblyErrors (0ms)
				InitializePlatformSupportModulesInManaged (26ms)
				SetLoadedEditorAssemblies (1ms)
				RefreshPlugins (1ms)
				BeforeProcessingInitializeOnLoad (66ms)
				ProcessInitializeOnLoadAttributes (323ms)
				ProcessInitializeOnLoadMethodAttributes (20ms)
				AfterProcessingInitializeOnLoad (2ms)
				EditorAssembliesLoaded (0ms)
			ExecutionOrderSort2 (0ms)
			AwakeInstancesAfterBackupRestoration (6ms)
Platform modules already initialized, skipping
Refreshing native plugins compatible for Editor in 2.34 ms, found 3 plugins.
Preloading 0 native plugins for Editor in 0.00 ms.
Unloading 3299 Unused Serialized files (Serialized files now loaded: 0)
Unloading 22 unused Assets / (83.8 KB). Loaded Objects now: 3830.
Memory consumption went from 217.6 MB to 217.5 MB.
Total: 4.005700 ms (FindLiveObjects: 0.289100 ms CreateObjectMapping: 0.087200 ms MarkObjects: 3.477100 ms  DeleteObjects: 0.150300 ms)

AssetImportParameters requested are different than current active one (requested -> active):
  custom:video-decoder-ogg-theora: a1e56fd34408186e4bbccfd4996cb3dc -> 
  custom:container-muxer-webm: aa71ff27fc2769a1b78a27578f13a17b -> 
  custom:container-demuxer-webm: 4f35f7cbe854078d1ac9338744f61a02 -> 
  custom:video-encoder-webm-vp8: eb34c28f22e8b96e1ab97ce403110664 -> 
  custom:video-codec-MediaFoundation-h265: 746d11721c4dcdbdad8f713fa42b33f4 -> 
  custom:audio-encoder-webm-vorbis: bf7c407c2cedff20999df2af8eb42d56 -> 
  custom:framework-win-MediaFoundation: 216162199b28c13a410421893ffa2e32 -> 
  custom:container-demuxer-ogg: 62fdf1f143b41e24485cea50d1cbac27 -> 
  custom:video-decoder-webm-vp8: 9c59270c3fd7afecdb556c50c9e8de78 -> 
  custom:audio-decoder-ogg-vorbis: bf7c407c2cedff20999df2af8eb42d56 -> 
========================================================================
Received Prepare
Registering precompiled user dll's ...
Registered in 0.002462 seconds.
Begin MonoManager ReloadAssembly
Symbol file LoadedFromMemory doesn't match image D:\Project_Mahjong\Project_Mahjong_UITest\mahjong\Library\PackageCache\com.unity.visualscripting@1.8.0\Editor\VisualScripting.Core\Dependencies\YamlDotNet\Unity.VisualScripting.YamlDotNet.dll
Symbol file LoadedFromMemory doesn't match image D:\Project_Mahjong\Project_Mahjong_UITest\mahjong\Library\PackageCache\com.unity.visualscripting@1.8.0\Editor\VisualScripting.Core\Dependencies\DotNetZip\Unity.VisualScripting.IonicZip.dll
Native extension for WindowsStandalone target not found
Native extension for Android target not found
Refreshing native plugins compatible for Editor in 0.72 ms, found 3 plugins.
Preloading 0 native plugins for Editor in 0.00 ms.
Mono: successfully reloaded assembly
- Completed reload, in  1.107 seconds
Domain Reload Profiling:
	ReloadAssembly (1108ms)
		BeginReloadAssembly (146ms)
			ExecutionOrderSort (0ms)
			DisableScriptedObjects (5ms)
			BackupInstance (0ms)
			ReleaseScriptingObjects (0ms)
			CreateAndSetChildDomain (47ms)
		EndReloadAssembly (871ms)
			LoadAssemblies (88ms)
			RebuildTransferFunctionScriptingTraits (0ms)
			SetupTypeCache (261ms)
			ReleaseScriptCaches (1ms)
			RebuildScriptCaches (45ms)
			SetupLoadedEditorAssemblies (448ms)
				LogAssemblyErrors (0ms)
				InitializePlatformSupportModulesInManaged (19ms)
				SetLoadedEditorAssemblies (0ms)
				RefreshPlugins (1ms)
				BeforeProcessingInitializeOnLoad (63ms)
				ProcessInitializeOnLoadAttributes (342ms)
				ProcessInitializeOnLoadMethodAttributes (21ms)
				AfterProcessingInitializeOnLoad (2ms)
				EditorAssembliesLoaded (0ms)
			ExecutionOrderSort2 (0ms)
			AwakeInstancesAfterBackupRestoration (5ms)
Platform modules already initialized, skipping
Refreshing native plugins compatible for Editor in 2.13 ms, found 3 plugins.
Preloading 0 native plugins for Editor in 0.00 ms.
Unloading 3299 Unused Serialized files (Serialized files now loaded: 0)
Unloading 20 unused Assets / (82.1 KB). Loaded Objects now: 3833.
Memory consumption went from 217.6 MB to 217.5 MB.
Total: 4.172600 ms (FindLiveObjects: 0.383700 ms CreateObjectMapping: 0.284200 ms MarkObjects: 3.363300 ms  DeleteObjects: 0.139800 ms)

AssetImportParameters requested are different than current active one (requested -> active):
  custom:video-decoder-ogg-theora: a1e56fd34408186e4bbccfd4996cb3dc -> 
  custom:container-muxer-webm: aa71ff27fc2769a1b78a27578f13a17b -> 
  custom:container-demuxer-webm: 4f35f7cbe854078d1ac9338744f61a02 -> 
  custom:video-encoder-webm-vp8: eb34c28f22e8b96e1ab97ce403110664 -> 
  custom:video-codec-MediaFoundation-h265: 746d11721c4dcdbdad8f713fa42b33f4 -> 
  custom:audio-encoder-webm-vorbis: bf7c407c2cedff20999df2af8eb42d56 -> 
  custom:framework-win-MediaFoundation: 216162199b28c13a410421893ffa2e32 -> 
  custom:container-demuxer-ogg: 62fdf1f143b41e24485cea50d1cbac27 -> 
  custom:video-decoder-webm-vp8: 9c59270c3fd7afecdb556c50c9e8de78 -> 
  custom:audio-decoder-ogg-vorbis: bf7c407c2cedff20999df2af8eb42d56 -> 
========================================================================
Received Import Request.
  Time since last request: 128.409251 seconds.
  path: Assets/Prefabs/AssetsPool.prefab
  artifactKey: Guid(1d5e106e6fa2ab147aa3511a3ac24435) Importer(815301076,1909f56bfc062723c751e8b465ee728b)
Start importing Assets/Prefabs/AssetsPool.prefab using Guid(1d5e106e6fa2ab147aa3511a3ac24435) Importer(815301076,1909f56bfc062723c751e8b465ee728b)  -> (artifact id: 'b06edda04d164080392b56b13aaa3717') in 0.025980 seconds 
========================================================================
Received Import Request.
  Time since last request: 11.039287 seconds.
  path: Assets/MahjongTiles/Materials
  artifactKey: Guid(5d10655a753a33a4c9cb58e728f9cb73) Importer(815301076,1909f56bfc062723c751e8b465ee728b)
Start importing Assets/MahjongTiles/Materials using Guid(5d10655a753a33a4c9cb58e728f9cb73) Importer(815301076,1909f56bfc062723c751e8b465ee728b)  -> (artifact id: 'f573fc479cef57557a97db3d2802fe59') in 0.012639 seconds 
========================================================================
Received Import Request.
  Time since last request: 1.297096 seconds.
  path: Assets/MahjongTiles/Materials/MahjongTile_Mobile_Legacy.mat
  artifactKey: Guid(44268c0e0ea7ef441a8bea5d89652aa3) Importer(815301076,1909f56bfc062723c751e8b465ee728b)
Start importing Assets/MahjongTiles/Materials/MahjongTile_Mobile_Legacy.mat using Guid(44268c0e0ea7ef441a8bea5d89652aa3) Importer(815301076,1909f56bfc062723c751e8b465ee728b)  -> (artifact id: '9b2464779aa98e00fec443fe50d86da0') in 0.090071 seconds 
========================================================================
Received Import Request.
  Time since last request: 0.000028 seconds.
  path: Assets/MahjongTiles/Materials/MahjongTileSpecular.mat
  artifactKey: Guid(8d903341439310d44b7ed491b5be6367) Importer(815301076,1909f56bfc062723c751e8b465ee728b)
Start importing Assets/MahjongTiles/Materials/MahjongTileSpecular.mat using Guid(8d903341439310d44b7ed491b5be6367) Importer(815301076,1909f56bfc062723c751e8b465ee728b)  -> (artifact id: 'e0f0fbd5558b14b88ee99ff3c463dafd') in 0.039549 seconds 
========================================================================
Received Import Request.
  Time since last request: 3.833780 seconds.
  path: Assets/MahjongTiles/Textures/MahjongTile 1.png
  artifactKey: Guid(f534331b6e4d9834a8f411e823965a98) Importer(815301076,1909f56bfc062723c751e8b465ee728b)
Start importing Assets/MahjongTiles/Textures/MahjongTile 1.png using Guid(f534331b6e4d9834a8f411e823965a98) Importer(815301076,1909f56bfc062723c751e8b465ee728b)  -> (artifact id: '952efbdccb158d2ebbb41219c87194c5') in 0.228753 seconds 
========================================================================
Received Import Request.
  Time since last request: 0.290677 seconds.
  path: Assets/MahjongTiles/Prefabs/Dice.prefab
  artifactKey: Guid(6afb35567cc9f7d42a0c8c3872617651) Importer(815301076,1909f56bfc062723c751e8b465ee728b)
Start importing Assets/MahjongTiles/Prefabs/Dice.prefab using Guid(6afb35567cc9f7d42a0c8c3872617651) Importer(815301076,1909f56bfc062723c751e8b465ee728b)  -> (artifact id: '3fc8b53cf5b41d01cd9aafe0f91cb514') in 0.031574 seconds 
========================================================================
Received Import Request.
  Time since last request: 27.796071 seconds.
  path: Assets/Png/2d6391e3ea175f1c613cbb6a5d599e2f.jpg
  artifactKey: Guid(260cd08254a00ac4baf1100d0d017ab8) Importer(815301076,1909f56bfc062723c751e8b465ee728b)
Start importing Assets/Png/2d6391e3ea175f1c613cbb6a5d599e2f.jpg using Guid(260cd08254a00ac4baf1100d0d017ab8) Importer(815301076,1909f56bfc062723c751e8b465ee728b)  -> (artifact id: '6be89211f5df4eebddbeb2dde50d4806') in 0.069669 seconds 
========================================================================
Received Import Request.
  Time since last request: 3.573579 seconds.
  path: Assets/Adaptive Performance/AdaptivePerformanceGeneralSettings.asset
  artifactKey: Guid(08ab29cb40ac45f4298fe101040ac56d) Importer(815301076,1909f56bfc062723c751e8b465ee728b)
Start importing Assets/Adaptive Performance/AdaptivePerformanceGeneralSettings.asset using Guid(08ab29cb40ac45f4298fe101040ac56d) Importer(815301076,1909f56bfc062723c751e8b465ee728b)  -> (artifact id: '5e44f645e0005e52b076a1c905c37139') in 0.021944 seconds 
========================================================================
Received Import Request.
  Time since last request: 5.987461 seconds.
  path: Assets/Prefabs/backup/GroupOfKong.prefab
  artifactKey: Guid(e9c394bc9bcb147429e6869e03607aa1) Importer(815301076,1909f56bfc062723c751e8b465ee728b)
Start importing Assets/Prefabs/backup/GroupOfKong.prefab using Guid(e9c394bc9bcb147429e6869e03607aa1) Importer(815301076,1909f56bfc062723c751e8b465ee728b)  -> (artifact id: '9d948ab7723c9a91d0c5065c665f7f03') in 0.027166 seconds 
========================================================================
Received Import Request.
  Time since last request: 0.365229 seconds.
  path: Assets/Prefabs/UI/Button_Template.prefab
  artifactKey: Guid(0b7a686ea97737c438e733431cf1dafb) Importer(815301076,1909f56bfc062723c751e8b465ee728b)
Start importing Assets/Prefabs/UI/Button_Template.prefab using Guid(0b7a686ea97737c438e733431cf1dafb) Importer(815301076,1909f56bfc062723c751e8b465ee728b)  -> (artifact id: 'fac7a74f01988c1d9dadf34160d27384') in 0.053684 seconds 
========================================================================
Received Import Request.
  Time since last request: 0.000024 seconds.
  path: Assets/Prefabs/UI/結算_Player.prefab
  artifactKey: Guid(1d13ac9ee2652704c884fb31ba835aae) Importer(815301076,1909f56bfc062723c751e8b465ee728b)
Start importing Assets/Prefabs/UI/結算_Player.prefab using Guid(1d13ac9ee2652704c884fb31ba835aae) Importer(815301076,1909f56bfc062723c751e8b465ee728b)  -> (artifact id: '16171d2643be594b5a45af6459ee4ef1') in 0.038875 seconds 
========================================================================
Received Import Request.
  Time since last request: 0.000020 seconds.
  path: Assets/Prefabs/UI/UITile.prefab
  artifactKey: Guid(d8846229df166864d863db3ece7b0d5e) Importer(815301076,1909f56bfc062723c751e8b465ee728b)
Start importing Assets/Prefabs/UI/UITile.prefab using Guid(d8846229df166864d863db3ece7b0d5e) Importer(815301076,1909f56bfc062723c751e8b465ee728b)  -> (artifact id: '7e8635f37c80f8714e8f464e6378d71f') in 0.018753 seconds 
========================================================================
Received Import Request.
  Time since last request: 0.000020 seconds.
  path: Assets/Prefabs/UI/Timer.prefab
  artifactKey: Guid(e322baea4aad57d47bf3d41098c1f475) Importer(815301076,1909f56bfc062723c751e8b465ee728b)
Start importing Assets/Prefabs/UI/Timer.prefab using Guid(e322baea4aad57d47bf3d41098c1f475) Importer(815301076,1909f56bfc062723c751e8b465ee728b)  -> (artifact id: 'b8baa952910862491e14b04b0743e233') in 0.019758 seconds 
========================================================================
Received Import Request.
  Time since last request: 0.680979 seconds.
  path: Assets/text meshpro/MINGLIU SDF.asset
  artifactKey: Guid(c76f19e07ae0fb7458fc4d3fc31e595d) Importer(815301076,1909f56bfc062723c751e8b465ee728b)
Start importing Assets/text meshpro/MINGLIU SDF.asset using Guid(c76f19e07ae0fb7458fc4d3fc31e595d) Importer(815301076,1909f56bfc062723c751e8b465ee728b)  -> (artifact id: '6ad3ebde91674f4647b77b3c01d12d78') in 0.070754 seconds 
========================================================================
Received Import Request.
  Time since last request: 73.794787 seconds.
  path: Assets/effect/Tazo_fx/Model/R_Mesh_Circular2.FBX
  artifactKey: Guid(815eca36256b3ec48af444b863c75e3a) Importer(815301076,1909f56bfc062723c751e8b465ee728b)
Start importing Assets/effect/Tazo_fx/Model/R_Mesh_Circular2.FBX using Guid(815eca36256b3ec48af444b863c75e3a) Importer(815301076,1909f56bfc062723c751e8b465ee728b)  -> (artifact id: '83da460dfb757e05b926870237f2ad4a') in 0.058881 seconds 
========================================================================
Received Prepare
Registering precompiled user dll's ...
Registered in 0.002582 seconds.
Begin MonoManager ReloadAssembly
Symbol file LoadedFromMemory doesn't match image D:\Project_Mahjong\Project_Mahjong_UITest\mahjong\Library\PackageCache\com.unity.visualscripting@1.8.0\Editor\VisualScripting.Core\Dependencies\YamlDotNet\Unity.VisualScripting.YamlDotNet.dll
Symbol file LoadedFromMemory doesn't match image D:\Project_Mahjong\Project_Mahjong_UITest\mahjong\Library\PackageCache\com.unity.visualscripting@1.8.0\Editor\VisualScripting.Core\Dependencies\DotNetZip\Unity.VisualScripting.IonicZip.dll
Native extension for WindowsStandalone target not found
Native extension for Android target not found
Refreshing native plugins compatible for Editor in 0.99 ms, found 3 plugins.
Preloading 0 native plugins for Editor in 0.00 ms.
Mono: successfully reloaded assembly
- Completed reload, in  1.170 seconds
Domain Reload Profiling:
	ReloadAssembly (1171ms)
		BeginReloadAssembly (148ms)
			ExecutionOrderSort (0ms)
			DisableScriptedObjects (4ms)
			BackupInstance (0ms)
			ReleaseScriptingObjects (0ms)
			CreateAndSetChildDomain (46ms)
		EndReloadAssembly (931ms)
			LoadAssemblies (92ms)
			RebuildTransferFunctionScriptingTraits (0ms)
			SetupTypeCache (286ms)
			ReleaseScriptCaches (1ms)
			RebuildScriptCaches (48ms)
			SetupLoadedEditorAssemblies (455ms)
				LogAssemblyErrors (0ms)
				InitializePlatformSupportModulesInManaged (29ms)
				SetLoadedEditorAssemblies (0ms)
				RefreshPlugins (1ms)
				BeforeProcessingInitializeOnLoad (62ms)
				ProcessInitializeOnLoadAttributes (343ms)
				ProcessInitializeOnLoadMethodAttributes (17ms)
				AfterProcessingInitializeOnLoad (3ms)
				EditorAssembliesLoaded (0ms)
			ExecutionOrderSort2 (0ms)
			AwakeInstancesAfterBackupRestoration (5ms)
Platform modules already initialized, skipping
Refreshing native plugins compatible for Editor in 2.16 ms, found 3 plugins.
Preloading 0 native plugins for Editor in 0.00 ms.
Unloading 3299 Unused Serialized files (Serialized files now loaded: 0)
Unloading 22 unused Assets / (83.8 KB). Loaded Objects now: 3883.
Memory consumption went from 218.0 MB to 217.9 MB.
Total: 4.603700 ms (FindLiveObjects: 0.386900 ms CreateObjectMapping: 0.285300 ms MarkObjects: 3.776800 ms  DeleteObjects: 0.153300 ms)

AssetImportParameters requested are different than current active one (requested -> active):
  custom:video-decoder-ogg-theora: a1e56fd34408186e4bbccfd4996cb3dc -> 
  custom:container-muxer-webm: aa71ff27fc2769a1b78a27578f13a17b -> 
  custom:container-demuxer-webm: 4f35f7cbe854078d1ac9338744f61a02 -> 
  custom:video-encoder-webm-vp8: eb34c28f22e8b96e1ab97ce403110664 -> 
  custom:video-codec-MediaFoundation-h265: 746d11721c4dcdbdad8f713fa42b33f4 -> 
  custom:audio-encoder-webm-vorbis: bf7c407c2cedff20999df2af8eb42d56 -> 
  custom:framework-win-MediaFoundation: 216162199b28c13a410421893ffa2e32 -> 
  custom:container-demuxer-ogg: 62fdf1f143b41e24485cea50d1cbac27 -> 
  custom:video-decoder-webm-vp8: 9c59270c3fd7afecdb556c50c9e8de78 -> 
  custom:audio-decoder-ogg-vorbis: bf7c407c2cedff20999df2af8eb42d56 -> 
========================================================================
Received Import Request.
  Time since last request: 868.542506 seconds.
  path: Assets/Prefabs/AssetsPool.prefab
  artifactKey: Guid(1d5e106e6fa2ab147aa3511a3ac24435) Importer(815301076,1909f56bfc062723c751e8b465ee728b)
Start importing Assets/Prefabs/AssetsPool.prefab using Guid(1d5e106e6fa2ab147aa3511a3ac24435) Importer(815301076,1909f56bfc062723c751e8b465ee728b) 'AssetsPoolController' is missing the class attribute 'ExtensionOfNativeClass'!
GameObject (named 'AssetsPool') references runtime script in scene file. Fixing!
'AssetsPoolController' is missing the class attribute 'ExtensionOfNativeClass'!
 -> (artifact id: 'db4a5c88bb1405f54c06db3f23da207e') in 0.034080 seconds 
========================================================================
Received Import Request.
  Time since last request: 0.000034 seconds.
  path: Assets/Prefabs/PongKongArea.prefab
  artifactKey: Guid(460e0a834f6978c46ab9b490001c8137) Importer(815301076,1909f56bfc062723c751e8b465ee728b)
Start importing Assets/Prefabs/PongKongArea.prefab using Guid(460e0a834f6978c46ab9b490001c8137) Importer(815301076,1909f56bfc062723c751e8b465ee728b)  -> (artifact id: '2b39640205fe6eb7eed48739d21e3e04') in 0.079564 seconds 
========================================================================
Received Import Request.
  Time since last request: 0.000029 seconds.
  path: Assets/Prefabs/HandTiles.prefab
  artifactKey: Guid(7facac86c11fd7a4ba351a3c261432fa) Importer(815301076,1909f56bfc062723c751e8b465ee728b)
Start importing Assets/Prefabs/HandTiles.prefab using Guid(7facac86c11fd7a4ba351a3c261432fa) Importer(815301076,1909f56bfc062723c751e8b465ee728b)  -> (artifact id: '2b5bbdbdd8ed781c03af9deef4daa3a6') in 0.025619 seconds 
========================================================================
Received Import Request.
  Time since last request: 0.000024 seconds.
  path: Assets/Prefabs/FlowerTile.prefab
  artifactKey: Guid(42e096cf799b52742b2d8b4747b65183) Importer(815301076,1909f56bfc062723c751e8b465ee728b)
Start importing Assets/Prefabs/FlowerTile.prefab using Guid(42e096cf799b52742b2d8b4747b65183) Importer(815301076,1909f56bfc062723c751e8b465ee728b)  -> (artifact id: '3a6af0e8a4823a230a5a9294aa6000e8') in 0.033499 seconds 
========================================================================
Received Import Request.
  Time since last request: 0.000026 seconds.
  path: Assets/Prefabs/GroupOfKong.prefab
  artifactKey: Guid(4c9b5f0f4a60b83469e035c4d39f36e0) Importer(815301076,1909f56bfc062723c751e8b465ee728b)
Start importing Assets/Prefabs/GroupOfKong.prefab using Guid(4c9b5f0f4a60b83469e035c4d39f36e0) Importer(815301076,1909f56bfc062723c751e8b465ee728b)  -> (artifact id: '8db4e30a2876ecfffb84471de2ffb5ac') in 0.023444 seconds 
========================================================================
Received Import Request.
  Time since last request: 0.000033 seconds.
  path: Assets/Prefabs/Main_Tiles.prefab
  artifactKey: Guid(8fb8c67fca277c14295726b1b8332a7c) Importer(815301076,1909f56bfc062723c751e8b465ee728b)
Start importing Assets/Prefabs/Main_Tiles.prefab using Guid(8fb8c67fca277c14295726b1b8332a7c) Importer(815301076,1909f56bfc062723c751e8b465ee728b)  -> (artifact id: 'c47d83c6ca9988e1ad069ecd04d43254') in 0.139077 seconds 
========================================================================
Received Import Request.
  Time since last request: 0.000044 seconds.
  path: Assets/Prefabs/Player_Tiles N.prefab
  artifactKey: Guid(afed29031dadc61489a2f18d808a1843) Importer(815301076,1909f56bfc062723c751e8b465ee728b)
Start importing Assets/Prefabs/Player_Tiles N.prefab using Guid(afed29031dadc61489a2f18d808a1843) Importer(815301076,1909f56bfc062723c751e8b465ee728b)  -> (artifact id: '50dbb77979cfd480ec34cc54d43691d4') in 0.106336 seconds 
========================================================================
Received Prepare
Registering precompiled user dll's ...
Registered in 0.003433 seconds.
Begin MonoManager ReloadAssembly
Symbol file LoadedFromMemory doesn't match image D:\Project_Mahjong\Project_Mahjong_UITest\mahjong\Library\PackageCache\com.unity.visualscripting@1.8.0\Editor\VisualScripting.Core\Dependencies\YamlDotNet\Unity.VisualScripting.YamlDotNet.dll
Symbol file LoadedFromMemory doesn't match image D:\Project_Mahjong\Project_Mahjong_UITest\mahjong\Library\PackageCache\com.unity.visualscripting@1.8.0\Editor\VisualScripting.Core\Dependencies\DotNetZip\Unity.VisualScripting.IonicZip.dll
Native extension for WindowsStandalone target not found
Native extension for Android target not found
Refreshing native plugins compatible for Editor in 1.18 ms, found 3 plugins.
Preloading 0 native plugins for Editor in 0.00 ms.
Mono: successfully reloaded assembly
- Completed reload, in  1.230 seconds
Domain Reload Profiling:
	ReloadAssembly (1231ms)
		BeginReloadAssembly (161ms)
			ExecutionOrderSort (0ms)
			DisableScriptedObjects (5ms)
			BackupInstance (0ms)
			ReleaseScriptingObjects (0ms)
			CreateAndSetChildDomain (47ms)
		EndReloadAssembly (962ms)
			LoadAssemblies (104ms)
			RebuildTransferFunctionScriptingTraits (0ms)
			SetupTypeCache (285ms)
			ReleaseScriptCaches (2ms)
			RebuildScriptCaches (58ms)
			SetupLoadedEditorAssemblies (483ms)
				LogAssemblyErrors (0ms)
				InitializePlatformSupportModulesInManaged (26ms)
				SetLoadedEditorAssemblies (0ms)
				RefreshPlugins (1ms)
				BeforeProcessingInitializeOnLoad (64ms)
				ProcessInitializeOnLoadAttributes (369ms)
				ProcessInitializeOnLoadMethodAttributes (20ms)
				AfterProcessingInitializeOnLoad (2ms)
				EditorAssembliesLoaded (0ms)
			ExecutionOrderSort2 (0ms)
			AwakeInstancesAfterBackupRestoration (5ms)
Platform modules already initialized, skipping
Refreshing native plugins compatible for Editor in 1.71 ms, found 3 plugins.
Preloading 0 native plugins for Editor in 0.00 ms.
Unloading 3299 Unused Serialized files (Serialized files now loaded: 0)
Unloading 22 unused Assets / (83.7 KB). Loaded Objects now: 3886.
Memory consumption went from 218.2 MB to 218.1 MB.
Total: 3.529900 ms (FindLiveObjects: 0.331900 ms CreateObjectMapping: 0.097500 ms MarkObjects: 2.961900 ms  DeleteObjects: 0.136900 ms)

AssetImportParameters requested are different than current active one (requested -> active):
  custom:video-decoder-ogg-theora: a1e56fd34408186e4bbccfd4996cb3dc -> 
  custom:container-muxer-webm: aa71ff27fc2769a1b78a27578f13a17b -> 
  custom:container-demuxer-webm: 4f35f7cbe854078d1ac9338744f61a02 -> 
  custom:video-encoder-webm-vp8: eb34c28f22e8b96e1ab97ce403110664 -> 
  custom:video-codec-MediaFoundation-h265: 746d11721c4dcdbdad8f713fa42b33f4 -> 
  custom:audio-encoder-webm-vorbis: bf7c407c2cedff20999df2af8eb42d56 -> 
  custom:framework-win-MediaFoundation: 216162199b28c13a410421893ffa2e32 -> 
  custom:container-demuxer-ogg: 62fdf1f143b41e24485cea50d1cbac27 -> 
  custom:video-decoder-webm-vp8: 9c59270c3fd7afecdb556c50c9e8de78 -> 
  custom:audio-decoder-ogg-vorbis: bf7c407c2cedff20999df2af8eb42d56 -> 
========================================================================
Received Import Request.
  Time since last request: 100.359152 seconds.
  path: Assets/Prefabs/backup/DemoTile.prefab
  artifactKey: Guid(4f89d9eca21bd4f41930a00a06ba278c) Importer(815301076,1909f56bfc062723c751e8b465ee728b)
Start importing Assets/Prefabs/backup/DemoTile.prefab using Guid(4f89d9eca21bd4f41930a00a06ba278c) Importer(815301076,1909f56bfc062723c751e8b465ee728b)  -> (artifact id: '722a1d83d94a9041ee62cf90e4dfafbf') in 0.079969 seconds 
========================================================================
Received Import Request.
  Time since last request: 0.000033 seconds.
  path: Assets/Prefabs/backup/RowOfTiles.prefab
  artifactKey: Guid(9e63b33fec7827549b953c2366b1f474) Importer(815301076,1909f56bfc062723c751e8b465ee728b)
Start importing Assets/Prefabs/backup/RowOfTiles.prefab using Guid(9e63b33fec7827549b953c2366b1f474) Importer(815301076,1909f56bfc062723c751e8b465ee728b)  -> (artifact id: '31e1a6a7754f0566913cf98f7d7199c7') in 0.033375 seconds 
========================================================================
Received Import Request.
  Time since last request: 0.000051 seconds.
  path: Assets/Prefabs/backup/Player_Tiles.prefab
  artifactKey: Guid(30d39c50ae1568343aea9a70c8dd8fc7) Importer(815301076,1909f56bfc062723c751e8b465ee728b)
Start importing Assets/Prefabs/backup/Player_Tiles.prefab using Guid(30d39c50ae1568343aea9a70c8dd8fc7) Importer(815301076,1909f56bfc062723c751e8b465ee728b)  -> (artifact id: '57edd54f77bbfced14f51734fa547c2a') in 0.039129 seconds 
========================================================================
Received Import Request.
  Time since last request: 463.488214 seconds.
  path: Assets/effect/Magic VFX/Magic VFX - Ice (FREE)/Models/Materials/FlakesA1_01.png
  artifactKey: Guid(a79f5eead5d7af84890da0dc31c19a76) Importer(815301076,1909f56bfc062723c751e8b465ee728b)
Start importing Assets/effect/Magic VFX/Magic VFX - Ice (FREE)/Models/Materials/FlakesA1_01.png using Guid(a79f5eead5d7af84890da0dc31c19a76) Importer(815301076,1909f56bfc062723c751e8b465ee728b)  -> (artifact id: 'd4381f3ec24e89c985a7a8df8ffe6958') in 0.084462 seconds 
========================================================================
Received Import Request.
  Time since last request: 0.000036 seconds.
  path: Assets/effect/Tazo_fx/Icon/L_Dizzy.png
  artifactKey: Guid(7a2264d0206f95647aeca6f44a5205c9) Importer(815301076,1909f56bfc062723c751e8b465ee728b)
Start importing Assets/effect/Tazo_fx/Icon/L_Dizzy.png using Guid(7a2264d0206f95647aeca6f44a5205c9) Importer(815301076,1909f56bfc062723c751e8b465ee728b)  -> (artifact id: 'afb0eded76e621c597860bc622a4c7ef') in 0.033671 seconds 
========================================================================
Received Import Request.
  Time since last request: 0.000045 seconds.
  path: Assets/effect/Tazo_fx/Icon/L_Twist_sorsery.png
  artifactKey: Guid(6fb0765d7429a3c48b90d4ceee560160) Importer(815301076,1909f56bfc062723c751e8b465ee728b)
Start importing Assets/effect/Tazo_fx/Icon/L_Twist_sorsery.png using Guid(6fb0765d7429a3c48b90d4ceee560160) Importer(815301076,1909f56bfc062723c751e8b465ee728b)  -> (artifact id: '55e9e9a0294f9a93d46d74a0944ab81f') in 0.040329 seconds 
========================================================================
Received Import Request.
  Time since last request: 0.000027 seconds.
  path: Assets/effect/Tazo_fx/Icon/L_Eletric_ball.png
  artifactKey: Guid(f092a43168407904f8e2f74b1b187f9f) Importer(815301076,1909f56bfc062723c751e8b465ee728b)
Start importing Assets/effect/Tazo_fx/Icon/L_Eletric_ball.png using Guid(f092a43168407904f8e2f74b1b187f9f) Importer(815301076,1909f56bfc062723c751e8b465ee728b)  -> (artifact id: 'c7b0bd4249c66ba1886b199bfd6dd073') in 0.034376 seconds 
========================================================================
Received Import Request.
  Time since last request: 0.000031 seconds.
  path: Assets/effect/Tazo_fx/Icon/L_Unity_keeper.png
  artifactKey: Guid(610ad3f5bf08b114fb023e7ec08564b9) Importer(815301076,1909f56bfc062723c751e8b465ee728b)
Start importing Assets/effect/Tazo_fx/Icon/L_Unity_keeper.png using Guid(610ad3f5bf08b114fb023e7ec08564b9) Importer(815301076,1909f56bfc062723c751e8b465ee728b)  -> (artifact id: '045c78752cc90490e78b0a09a3e7e0e7') in 0.035966 seconds 
========================================================================
Received Import Request.
  Time since last request: 0.000033 seconds.
  path: Assets/effect/Tazo_fx/Icon/L_Rose_fire.png
  artifactKey: Guid(7f2dd6cb130684f4d844503cb776ec42) Importer(815301076,1909f56bfc062723c751e8b465ee728b)
Start importing Assets/effect/Tazo_fx/Icon/L_Rose_fire.png using Guid(7f2dd6cb130684f4d844503cb776ec42) Importer(815301076,1909f56bfc062723c751e8b465ee728b)  -> (artifact id: '19ec58f11f5b5428aa69a47278717b01') in 0.033477 seconds 
========================================================================
Received Import Request.
  Time since last request: 0.000026 seconds.
  path: Assets/effect/Tazo_fx/Icon/L_Speed_line.png
  artifactKey: Guid(860dabd4907b1ed468a142cd1be7c905) Importer(815301076,1909f56bfc062723c751e8b465ee728b)
Start importing Assets/effect/Tazo_fx/Icon/L_Speed_line.png using Guid(860dabd4907b1ed468a142cd1be7c905) Importer(815301076,1909f56bfc062723c751e8b465ee728b)  -> (artifact id: 'a1926e3b53b6f44b0bf78b41b1618b8b') in 0.034516 seconds 
========================================================================
Received Import Request.
  Time since last request: 0.000044 seconds.
  path: Assets/effect/Tazo_fx/Icon/L_Devil_await.png
  artifactKey: Guid(ef4cb8d92b28afd4a91dca6400dd9a55) Importer(815301076,1909f56bfc062723c751e8b465ee728b)
Start importing Assets/effect/Tazo_fx/Icon/L_Devil_await.png using Guid(ef4cb8d92b28afd4a91dca6400dd9a55) Importer(815301076,1909f56bfc062723c751e8b465ee728b)  -> (artifact id: '6e7bded9366606c578986a554b55a6f9') in 0.030172 seconds 
========================================================================
Received Import Request.
  Time since last request: 0.000041 seconds.
  path: Assets/effect/Tazo_fx/Icon/L_Ghost_fire.png
  artifactKey: Guid(574a0c299b570b049814763e1a729851) Importer(815301076,1909f56bfc062723c751e8b465ee728b)
Start importing Assets/effect/Tazo_fx/Icon/L_Ghost_fire.png using Guid(574a0c299b570b049814763e1a729851) Importer(815301076,1909f56bfc062723c751e8b465ee728b)  -> (artifact id: '0eb446405ac52bce3772b8d391130d13') in 0.033718 seconds 
========================================================================
Received Import Request.
  Time since last request: 0.000038 seconds.
  path: Assets/effect/Tazo_fx/Icon/L_Bughole_circle.png
  artifactKey: Guid(26aca132464b397458b36a24e2f381f2) Importer(815301076,1909f56bfc062723c751e8b465ee728b)
Start importing Assets/effect/Tazo_fx/Icon/L_Bughole_circle.png using Guid(26aca132464b397458b36a24e2f381f2) Importer(815301076,1909f56bfc062723c751e8b465ee728b)  -> (artifact id: 'a05196860b31b93d0fcb00e9b533e33f') in 0.029698 seconds 
========================================================================
Received Prepare
Registering precompiled user dll's ...
Registered in 0.003274 seconds.
Begin MonoManager ReloadAssembly
Symbol file LoadedFromMemory doesn't match image D:\Project_Mahjong\Project_Mahjong_UITest\mahjong\Library\PackageCache\com.unity.visualscripting@1.8.0\Editor\VisualScripting.Core\Dependencies\YamlDotNet\Unity.VisualScripting.YamlDotNet.dll
Symbol file LoadedFromMemory doesn't match image D:\Project_Mahjong\Project_Mahjong_UITest\mahjong\Library\PackageCache\com.unity.visualscripting@1.8.0\Editor\VisualScripting.Core\Dependencies\DotNetZip\Unity.VisualScripting.IonicZip.dll
Native extension for WindowsStandalone target not found
Native extension for Android target not found
Refreshing native plugins compatible for Editor in 0.70 ms, found 3 plugins.
Preloading 0 native plugins for Editor in 0.00 ms.
Mono: successfully reloaded assembly
- Completed reload, in  1.126 seconds
Domain Reload Profiling:
	ReloadAssembly (1127ms)
		BeginReloadAssembly (150ms)
			ExecutionOrderSort (0ms)
			DisableScriptedObjects (5ms)
			BackupInstance (0ms)
			ReleaseScriptingObjects (0ms)
			CreateAndSetChildDomain (51ms)
		EndReloadAssembly (892ms)
			LoadAssemblies (90ms)
			RebuildTransferFunctionScriptingTraits (0ms)
			SetupTypeCache (251ms)
			ReleaseScriptCaches (1ms)
			RebuildScriptCaches (38ms)
			SetupLoadedEditorAssemblies (472ms)
				LogAssemblyErrors (0ms)
				InitializePlatformSupportModulesInManaged (17ms)
				SetLoadedEditorAssemblies (0ms)
				RefreshPlugins (1ms)
				BeforeProcessingInitializeOnLoad (61ms)
				ProcessInitializeOnLoadAttributes (369ms)
				ProcessInitializeOnLoadMethodAttributes (21ms)
				AfterProcessingInitializeOnLoad (2ms)
				EditorAssembliesLoaded (0ms)
			ExecutionOrderSort2 (0ms)
			AwakeInstancesAfterBackupRestoration (9ms)
Platform modules already initialized, skipping
Refreshing native plugins compatible for Editor in 2.19 ms, found 3 plugins.
Preloading 0 native plugins for Editor in 0.00 ms.
Unloading 3299 Unused Serialized files (Serialized files now loaded: 0)
Unloading 20 unused Assets / (81.7 KB). Loaded Objects now: 3893.
Memory consumption went from 218.2 MB to 218.1 MB.
Total: 4.124800 ms (FindLiveObjects: 0.292600 ms CreateObjectMapping: 0.092100 ms MarkObjects: 3.598800 ms  DeleteObjects: 0.139800 ms)

AssetImportParameters requested are different than current active one (requested -> active):
  custom:video-decoder-ogg-theora: a1e56fd34408186e4bbccfd4996cb3dc -> 
  custom:container-muxer-webm: aa71ff27fc2769a1b78a27578f13a17b -> 
  custom:container-demuxer-webm: 4f35f7cbe854078d1ac9338744f61a02 -> 
  custom:video-encoder-webm-vp8: eb34c28f22e8b96e1ab97ce403110664 -> 
  custom:video-codec-MediaFoundation-h265: 746d11721c4dcdbdad8f713fa42b33f4 -> 
  custom:audio-encoder-webm-vorbis: bf7c407c2cedff20999df2af8eb42d56 -> 
  custom:framework-win-MediaFoundation: 216162199b28c13a410421893ffa2e32 -> 
  custom:container-demuxer-ogg: 62fdf1f143b41e24485cea50d1cbac27 -> 
  custom:video-decoder-webm-vp8: 9c59270c3fd7afecdb556c50c9e8de78 -> 
  custom:audio-decoder-ogg-vorbis: bf7c407c2cedff20999df2af8eb42d56 -> 
