Using pre-set license
Built from '2021.3/staging' branch; Version is '2021.3.25f1 (68ef2c4f8861) revision 6876972'; Using compiler version '192829333'; Build Type 'Release'
OS: 'Windows 10  (10.0.19044) 64bit Education' Language: 'zh' Physical Memory: 32681 MB
BatchMode: 1, IsHumanControllingUs: 0, StartBugReporterOnCrash: 0, Is64bit: 1, IsPro: 1

COMMAND LINE ARGUMENTS:
C:\Program Files\Unity\Hub\Editor\2021.3.25f1\Editor\Unity.exe
-adb2
-batchMode
-noUpm
-name
AssetImportWorker5
-projectPath
F:/Ntust/3-2/let me out/Project_Mahjong_UITest/mahjong
-logFile
Logs/AssetImportWorker5.log
-srvPort
60315
Successfully changed project path to: F:/Ntust/3-2/let me out/Project_Mahjong_UITest/mahjong
F:/Ntust/3-2/let me out/Project_Mahjong_UITest/mahjong
[UnityMemory] Configuration Parameters - Can be set up in boot.config
    "memorysetup-bucket-allocator-granularity=16"
    "memorysetup-bucket-allocator-bucket-count=8"
    "memorysetup-bucket-allocator-block-size=33554432"
    "memorysetup-bucket-allocator-block-count=8"
    "memorysetup-main-allocator-block-size=16777216"
    "memorysetup-thread-allocator-block-size=16777216"
    "memorysetup-gfx-main-allocator-block-size=16777216"
    "memorysetup-gfx-thread-allocator-block-size=16777216"
    "memorysetup-cache-allocator-block-size=4194304"
    "memorysetup-typetree-allocator-block-size=2097152"
    "memorysetup-profiler-bucket-allocator-granularity=16"
    "memorysetup-profiler-bucket-allocator-bucket-count=8"
    "memorysetup-profiler-bucket-allocator-block-size=33554432"
    "memorysetup-profiler-bucket-allocator-block-count=8"
    "memorysetup-profiler-allocator-block-size=16777216"
    "memorysetup-profiler-editor-allocator-block-size=1048576"
    "memorysetup-temp-allocator-size-main=16777216"
    "memorysetup-job-temp-allocator-block-size=2097152"
    "memorysetup-job-temp-allocator-block-size-background=1048576"
    "memorysetup-job-temp-allocator-reduction-small-platforms=262144"
    "memorysetup-temp-allocator-size-background-worker=32768"
    "memorysetup-temp-allocator-size-job-worker=262144"
    "memorysetup-temp-allocator-size-preload-manager=33554432"
    "memorysetup-temp-allocator-size-nav-mesh-worker=65536"
    "memorysetup-temp-allocator-size-audio-worker=65536"
    "memorysetup-temp-allocator-size-cloud-worker=32768"
    "memorysetup-temp-allocator-size-gi-baking-worker=262144"
    "memorysetup-temp-allocator-size-gfx=262144"
Player connection [32620] Host "[IP] 192.168.68.60 [Port] 0 [Flags] 2 [Guid] 1055545287 [EditorId] 1055545287 [Version] 1048832 [Id] WindowsEditor(7,GTX-1660S) [Debug] 1 [PackageName] WindowsEditor [ProjectName] Editor" joined multi-casting on [225.0.0.222:54997]...

Player connection [32620] Host "[IP] 192.168.68.60 [Port] 0 [Flags] 2 [Guid] 1055545287 [EditorId] 1055545287 [Version] 1048832 [Id] WindowsEditor(7,GTX-1660S) [Debug] 1 [PackageName] WindowsEditor [ProjectName] Editor" joined alternative multi-casting on [225.0.0.222:34997]...

Refreshing native plugins compatible for Editor in 96.32 ms, found 3 plugins.
Preloading 0 native plugins for Editor in 0.00 ms.
Initialize engine version: 2021.3.25f1 (68ef2c4f8861)
[Subsystems] Discovering subsystems at path C:/Program Files/Unity/Hub/Editor/2021.3.25f1/Editor/Data/Resources/UnitySubsystems
[Subsystems] Discovering subsystems at path F:/Ntust/3-2/let me out/Project_Mahjong_UITest/mahjong/Assets
GfxDevice: creating device client; threaded=0; jobified=0
Direct3D:
    Version:  Direct3D 11.0 [level 11.1]
    Renderer: NVIDIA GeForce GTX 1660 SUPER (ID=0x21c4)
    Vendor:   NVIDIA
    VRAM:     5980 MB
    Driver:   31.0.15.3179
Initialize mono
Mono path[0] = 'C:/Program Files/Unity/Hub/Editor/2021.3.25f1/Editor/Data/Managed'
Mono path[1] = 'C:/Program Files/Unity/Hub/Editor/2021.3.25f1/Editor/Data/MonoBleedingEdge/lib/mono/unityjit-win32'
Mono config path = 'C:/Program Files/Unity/Hub/Editor/2021.3.25f1/Editor/Data/MonoBleedingEdge/etc'
Using monoOptions --debugger-agent=transport=dt_socket,embedding=1,server=y,suspend=n,address=127.0.0.1:56772
Begin MonoManager ReloadAssembly
Registering precompiled unity dll's ...
Register platform support module: C:/Program Files/Unity/Hub/Editor/2021.3.25f1/Editor/Data/PlaybackEngines/AndroidPlayer/UnityEditor.Android.Extensions.dll
Register platform support module: C:/Program Files/Unity/Hub/Editor/2021.3.25f1/Editor/Data/PlaybackEngines/WindowsStandaloneSupport/UnityEditor.WindowsStandalone.Extensions.dll
Registered in 0.009026 seconds.
Native extension for WindowsStandalone target not found
Native extension for Android target not found
Refreshing native plugins compatible for Editor in 89.83 ms, found 3 plugins.
Preloading 0 native plugins for Editor in 0.00 ms.
Mono: successfully reloaded assembly
- Completed reload, in  0.688 seconds
Domain Reload Profiling:
	ReloadAssembly (689ms)
		BeginReloadAssembly (85ms)
			ExecutionOrderSort (0ms)
			DisableScriptedObjects (0ms)
			BackupInstance (0ms)
			ReleaseScriptingObjects (0ms)
			CreateAndSetChildDomain (1ms)
		EndReloadAssembly (495ms)
			LoadAssemblies (83ms)
			RebuildTransferFunctionScriptingTraits (0ms)
			SetupTypeCache (110ms)
			ReleaseScriptCaches (0ms)
			RebuildScriptCaches (28ms)
			SetupLoadedEditorAssemblies (306ms)
				LogAssemblyErrors (0ms)
				InitializePlatformSupportModulesInManaged (78ms)
				SetLoadedEditorAssemblies (0ms)
				RefreshPlugins (90ms)
				BeforeProcessingInitializeOnLoad (1ms)
				ProcessInitializeOnLoadAttributes (92ms)
				ProcessInitializeOnLoadMethodAttributes (44ms)
				AfterProcessingInitializeOnLoad (0ms)
				EditorAssembliesLoaded (0ms)
			ExecutionOrderSort2 (0ms)
			AwakeInstancesAfterBackupRestoration (0ms)
Platform modules already initialized, skipping
Registering precompiled user dll's ...
Registered in 0.004169 seconds.
Begin MonoManager ReloadAssembly
Symbol file LoadedFromMemory doesn't match image F:\Ntust\3-2\let me out\Project_Mahjong_UITest\mahjong\Library\PackageCache\com.unity.visualscripting@1.8.0\Editor\VisualScripting.Core\Dependencies\YamlDotNet\Unity.VisualScripting.YamlDotNet.dll
Symbol file LoadedFromMemory doesn't match image F:\Ntust\3-2\let me out\Project_Mahjong_UITest\mahjong\Library\PackageCache\com.unity.visualscripting@1.8.0\Editor\VisualScripting.Core\Dependencies\DotNetZip\Unity.VisualScripting.IonicZip.dll
Native extension for WindowsStandalone target not found
Native extension for Android target not found
Refreshing native plugins compatible for Editor in 0.64 ms, found 3 plugins.
Preloading 0 native plugins for Editor in 0.00 ms.
Mono: successfully reloaded assembly
Package Manager log level set to [2]
- Completed reload, in  1.223 seconds
Domain Reload Profiling:
	ReloadAssembly (1224ms)
		BeginReloadAssembly (129ms)
			ExecutionOrderSort (0ms)
			DisableScriptedObjects (6ms)
			BackupInstance (0ms)
			ReleaseScriptingObjects (0ms)
			CreateAndSetChildDomain (21ms)
		EndReloadAssembly (981ms)
			LoadAssemblies (101ms)
			RebuildTransferFunctionScriptingTraits (0ms)
			SetupTypeCache (290ms)
			ReleaseScriptCaches (1ms)
			RebuildScriptCaches (49ms)
			SetupLoadedEditorAssemblies (518ms)
				LogAssemblyErrors (0ms)
				InitializePlatformSupportModulesInManaged (21ms)
				SetLoadedEditorAssemblies (0ms)
				RefreshPlugins (1ms)
				BeforeProcessingInitializeOnLoad (88ms)
				ProcessInitializeOnLoadAttributes (379ms)
				ProcessInitializeOnLoadMethodAttributes (20ms)
				AfterProcessingInitializeOnLoad (9ms)
				EditorAssembliesLoaded (0ms)
			ExecutionOrderSort2 (0ms)
			AwakeInstancesAfterBackupRestoration (5ms)
Platform modules already initialized, skipping
========================================================================
Worker process is ready to serve import requests
Launched and connected shader compiler UnityShaderCompiler.exe after 0.10 seconds
Refreshing native plugins compatible for Editor in 0.62 ms, found 3 plugins.
Preloading 0 native plugins for Editor in 0.00 ms.
Unloading 3282 Unused Serialized files (Serialized files now loaded: 0)
Unloading 27 unused Assets / (342.3 KB). Loaded Objects now: 3765.
Memory consumption went from 145.6 MB to 145.2 MB.
Total: 3.281700 ms (FindLiveObjects: 0.269200 ms CreateObjectMapping: 0.096200 ms MarkObjects: 2.786600 ms  DeleteObjects: 0.128700 ms)

AssetImportParameters requested are different than current active one (requested -> active):
  custom:video-decoder-ogg-theora: a1e56fd34408186e4bbccfd4996cb3dc -> 
  custom:container-muxer-webm: aa71ff27fc2769a1b78a27578f13a17b -> 
  custom:container-demuxer-webm: 4f35f7cbe854078d1ac9338744f61a02 -> 
  custom:video-encoder-webm-vp8: eb34c28f22e8b96e1ab97ce403110664 -> 
  custom:audio-encoder-webm-vorbis: bf7c407c2cedff20999df2af8eb42d56 -> 
  custom:framework-win-MediaFoundation: 216162199b28c13a410421893ffa2e32 -> 
  custom:container-demuxer-ogg: 62fdf1f143b41e24485cea50d1cbac27 -> 
  custom:video-decoder-webm-vp8: 9c59270c3fd7afecdb556c50c9e8de78 -> 
  custom:audio-decoder-ogg-vorbis: bf7c407c2cedff20999df2af8eb42d56 -> 
========================================================================
Received Import Request.
  Time since last request: 375353.719149 seconds.
  path: Assets/bones/library/2/vnbvx_3.png
  artifactKey: Guid(de4376406137f834d9aed49cd53c81a7) Importer(815301076,1909f56bfc062723c751e8b465ee728b)
Start importing Assets/bones/library/2/vnbvx_3.png using Guid(de4376406137f834d9aed49cd53c81a7) Importer(815301076,1909f56bfc062723c751e8b465ee728b)  -> (artifact id: '8b9496c489448c3b83582172080636ad') in 0.111050 seconds 
========================================================================
Received Import Request.
  Time since last request: 0.000017 seconds.
  path: Assets/bones/library/2/vnbvx_8.png
  artifactKey: Guid(9543c936633ebc74e9804a876579c24c) Importer(815301076,1909f56bfc062723c751e8b465ee728b)
Start importing Assets/bones/library/2/vnbvx_8.png using Guid(9543c936633ebc74e9804a876579c24c) Importer(815301076,1909f56bfc062723c751e8b465ee728b)  -> (artifact id: '504dff919c81b67c2c658d1283049f5d') in 0.018961 seconds 
========================================================================
Received Import Request.
  Time since last request: 0.000020 seconds.
  path: Assets/bones/library/2/vnbvx_4.png
  artifactKey: Guid(2853c69962d3317419e701d49c708cee) Importer(815301076,1909f56bfc062723c751e8b465ee728b)
Start importing Assets/bones/library/2/vnbvx_4.png using Guid(2853c69962d3317419e701d49c708cee) Importer(815301076,1909f56bfc062723c751e8b465ee728b)  -> (artifact id: '6779333b6f485e1de4d84afd5d280ca7') in 0.016058 seconds 
========================================================================
Received Import Request.
  Time since last request: 0.000018 seconds.
  path: Assets/bones/library/2/vnbvx_29.png
  artifactKey: Guid(0037cd8869e5b8f4696cd5bbceb0a1d8) Importer(815301076,1909f56bfc062723c751e8b465ee728b)
Start importing Assets/bones/library/2/vnbvx_29.png using Guid(0037cd8869e5b8f4696cd5bbceb0a1d8) Importer(815301076,1909f56bfc062723c751e8b465ee728b)  -> (artifact id: 'c0e35463ebbfacccf3f6a67bf8e9cf01') in 0.015983 seconds 
========================================================================
Received Import Request.
  Time since last request: 0.000020 seconds.
  path: Assets/bones/library/2/vnbvx_21.png
  artifactKey: Guid(4fb4f814ec628d34d9f34b42acc6b1ae) Importer(815301076,1909f56bfc062723c751e8b465ee728b)
Start importing Assets/bones/library/2/vnbvx_21.png using Guid(4fb4f814ec628d34d9f34b42acc6b1ae) Importer(815301076,1909f56bfc062723c751e8b465ee728b)  -> (artifact id: 'aa04e6b3fb16cbce5753e90e6df03502') in 0.035046 seconds 
========================================================================
Received Import Request.
  Time since last request: 0.000018 seconds.
  path: Assets/bones/library/2/vnbvx_9.png
  artifactKey: Guid(6456afe747de9a34494fd07c86d62b34) Importer(815301076,1909f56bfc062723c751e8b465ee728b)
Start importing Assets/bones/library/2/vnbvx_9.png using Guid(6456afe747de9a34494fd07c86d62b34) Importer(815301076,1909f56bfc062723c751e8b465ee728b)  -> (artifact id: 'a2841ca8862bb6e3ef0e29068837795f') in 0.016422 seconds 
========================================================================
Received Import Request.
  Time since last request: 0.000025 seconds.
  path: Assets/bones/library/2/vnbvx_17.png
  artifactKey: Guid(a2e2418d1f9d02546bac49f20090a480) Importer(815301076,1909f56bfc062723c751e8b465ee728b)
Start importing Assets/bones/library/2/vnbvx_17.png using Guid(a2e2418d1f9d02546bac49f20090a480) Importer(815301076,1909f56bfc062723c751e8b465ee728b)  -> (artifact id: 'e474910fa2485d0a5efd0b948436937e') in 0.013649 seconds 
========================================================================
Received Import Request.
  Time since last request: 0.565673 seconds.
  path: Assets/bones/library/3/vnbvq_2.png
  artifactKey: Guid(ebc8c409cb9d8a049975cb9e92ed8f01) Importer(815301076,1909f56bfc062723c751e8b465ee728b)
Start importing Assets/bones/library/3/vnbvq_2.png using Guid(ebc8c409cb9d8a049975cb9e92ed8f01) Importer(815301076,1909f56bfc062723c751e8b465ee728b)  -> (artifact id: 'c14f36f49eff7eb147c7b13c27cc1c16') in 0.014900 seconds 
========================================================================
Received Import Request.
  Time since last request: 0.000017 seconds.
  path: Assets/bones/library/3/vnbvq_23.png
  artifactKey: Guid(360f8cb6e1b348f40bbb3131786734b0) Importer(815301076,1909f56bfc062723c751e8b465ee728b)
Start importing Assets/bones/library/3/vnbvq_23.png using Guid(360f8cb6e1b348f40bbb3131786734b0) Importer(815301076,1909f56bfc062723c751e8b465ee728b)  -> (artifact id: 'd3d35fb19528e949e09acb48741a2ef9') in 0.014749 seconds 
========================================================================
Received Import Request.
  Time since last request: 0.000020 seconds.
  path: Assets/bones/library/3/vnbvq_22.png
  artifactKey: Guid(9b7a406c9170ddc46a32ba7ac4c36002) Importer(815301076,1909f56bfc062723c751e8b465ee728b)
Start importing Assets/bones/library/3/vnbvq_22.png using Guid(9b7a406c9170ddc46a32ba7ac4c36002) Importer(815301076,1909f56bfc062723c751e8b465ee728b)  -> (artifact id: 'c5c96ffe3b11efe60f69ef2e3d3cd8dc') in 0.015401 seconds 
========================================================================
Received Import Request.
  Time since last request: 0.000027 seconds.
  path: Assets/bones/library/3/vnbvq_24.png
  artifactKey: Guid(989ed78dc1b389546a29445114bc16bf) Importer(815301076,1909f56bfc062723c751e8b465ee728b)
Start importing Assets/bones/library/3/vnbvq_24.png using Guid(989ed78dc1b389546a29445114bc16bf) Importer(815301076,1909f56bfc062723c751e8b465ee728b)  -> (artifact id: '28c729cccd34678f768ec0d880a30ba0') in 0.016670 seconds 
========================================================================
Received Import Request.
  Time since last request: 0.000017 seconds.
  path: Assets/bones/library/3/vnbvq_26.png
  artifactKey: Guid(ec795ea6a8a6938438d01dd68aafcec0) Importer(815301076,1909f56bfc062723c751e8b465ee728b)
Start importing Assets/bones/library/3/vnbvq_26.png using Guid(ec795ea6a8a6938438d01dd68aafcec0) Importer(815301076,1909f56bfc062723c751e8b465ee728b)  -> (artifact id: '7a4d5db593be1f77d666cdd681dee11b') in 0.025292 seconds 
========================================================================
Received Import Request.
  Time since last request: 0.000022 seconds.
  path: Assets/bones/library/3/vnbvq_18.png
  artifactKey: Guid(656daa0c6c829d24db7c32a39791558c) Importer(815301076,1909f56bfc062723c751e8b465ee728b)
Start importing Assets/bones/library/3/vnbvq_18.png using Guid(656daa0c6c829d24db7c32a39791558c) Importer(815301076,1909f56bfc062723c751e8b465ee728b)  -> (artifact id: 'c215c1764100c1eedd41b96e3b9c3c7f') in 0.014347 seconds 
========================================================================
Received Import Request.
  Time since last request: 0.000018 seconds.
  path: Assets/bones/library/3/vnbvq_6.png
  artifactKey: Guid(f93efd406cc38ec42b49043331260509) Importer(815301076,1909f56bfc062723c751e8b465ee728b)
Start importing Assets/bones/library/3/vnbvq_6.png using Guid(f93efd406cc38ec42b49043331260509) Importer(815301076,1909f56bfc062723c751e8b465ee728b)  -> (artifact id: '3c1d11aea2c805678bd38aa6e56a0940') in 0.013775 seconds 
========================================================================
Received Import Request.
  Time since last request: 0.000016 seconds.
  path: Assets/bones/library/3/vnbvq_16.png
  artifactKey: Guid(2463c8db31645ff4087ce5a070326365) Importer(815301076,1909f56bfc062723c751e8b465ee728b)
Start importing Assets/bones/library/3/vnbvq_16.png using Guid(2463c8db31645ff4087ce5a070326365) Importer(815301076,1909f56bfc062723c751e8b465ee728b)  -> (artifact id: 'b796fdfece8699f589b50ef3c1866fea') in 0.014663 seconds 
========================================================================
Received Import Request.
  Time since last request: 0.000017 seconds.
  path: Assets/bones/library/3/vnbvq_7.png
  artifactKey: Guid(22166cac7656a534cacf47252d01c83b) Importer(815301076,1909f56bfc062723c751e8b465ee728b)
Start importing Assets/bones/library/3/vnbvq_7.png using Guid(22166cac7656a534cacf47252d01c83b) Importer(815301076,1909f56bfc062723c751e8b465ee728b)  -> (artifact id: '7774a95b7e876cfffe054e5790166898') in 0.014030 seconds 
========================================================================
Received Import Request.
  Time since last request: 1238.224575 seconds.
  path: Assets/Pipoya VFX TimeMagic/192x192/pipo-btleffect209_192.png
  artifactKey: Guid(a5ee1513f815b0f41922bf3ae63bcacd) Importer(815301076,1909f56bfc062723c751e8b465ee728b)
Start importing Assets/Pipoya VFX TimeMagic/192x192/pipo-btleffect209_192.png using Guid(a5ee1513f815b0f41922bf3ae63bcacd) Importer(815301076,1909f56bfc062723c751e8b465ee728b)  -> (artifact id: 'c499ff4e1e283154a6357382deb3a6f6') in 0.101163 seconds 
========================================================================
Received Prepare
Registering precompiled user dll's ...
Registered in 0.003376 seconds.
Begin MonoManager ReloadAssembly
Symbol file LoadedFromMemory doesn't match image F:\Ntust\3-2\let me out\Project_Mahjong_UITest\mahjong\Library\PackageCache\com.unity.visualscripting@1.8.0\Editor\VisualScripting.Core\Dependencies\YamlDotNet\Unity.VisualScripting.YamlDotNet.dll
Symbol file LoadedFromMemory doesn't match image F:\Ntust\3-2\let me out\Project_Mahjong_UITest\mahjong\Library\PackageCache\com.unity.visualscripting@1.8.0\Editor\VisualScripting.Core\Dependencies\DotNetZip\Unity.VisualScripting.IonicZip.dll
Native extension for WindowsStandalone target not found
Native extension for Android target not found
Refreshing native plugins compatible for Editor in 0.74 ms, found 3 plugins.
Preloading 0 native plugins for Editor in 0.00 ms.
Mono: successfully reloaded assembly
- Completed reload, in  1.283 seconds
Domain Reload Profiling:
	ReloadAssembly (1283ms)
		BeginReloadAssembly (155ms)
			ExecutionOrderSort (0ms)
			DisableScriptedObjects (5ms)
			BackupInstance (0ms)
			ReleaseScriptingObjects (0ms)
			CreateAndSetChildDomain (37ms)
		EndReloadAssembly (1021ms)
			LoadAssemblies (95ms)
			RebuildTransferFunctionScriptingTraits (0ms)
			SetupTypeCache (280ms)
			ReleaseScriptCaches (1ms)
			RebuildScriptCaches (44ms)
			SetupLoadedEditorAssemblies (562ms)
				LogAssemblyErrors (0ms)
				InitializePlatformSupportModulesInManaged (27ms)
				SetLoadedEditorAssemblies (0ms)
				RefreshPlugins (1ms)
				BeforeProcessingInitializeOnLoad (75ms)
				ProcessInitializeOnLoadAttributes (425ms)
				ProcessInitializeOnLoadMethodAttributes (21ms)
				AfterProcessingInitializeOnLoad (11ms)
				EditorAssembliesLoaded (0ms)
			ExecutionOrderSort2 (0ms)
			AwakeInstancesAfterBackupRestoration (7ms)
Platform modules already initialized, skipping
Refreshing native plugins compatible for Editor in 2.12 ms, found 3 plugins.
Preloading 0 native plugins for Editor in 0.00 ms.
Unloading 3263 Unused Serialized files (Serialized files now loaded: 0)
Unloading 20 unused Assets / (81.4 KB). Loaded Objects now: 3789.
Memory consumption went from 143.6 MB to 143.5 MB.
Total: 4.814700 ms (FindLiveObjects: 0.446200 ms CreateObjectMapping: 0.121000 ms MarkObjects: 4.102800 ms  DeleteObjects: 0.143500 ms)

AssetImportParameters requested are different than current active one (requested -> active):
  custom:video-decoder-ogg-theora: a1e56fd34408186e4bbccfd4996cb3dc -> 
  custom:container-muxer-webm: aa71ff27fc2769a1b78a27578f13a17b -> 
  custom:container-demuxer-webm: 4f35f7cbe854078d1ac9338744f61a02 -> 
  custom:video-encoder-webm-vp8: eb34c28f22e8b96e1ab97ce403110664 -> 
  custom:audio-encoder-webm-vorbis: bf7c407c2cedff20999df2af8eb42d56 -> 
  custom:framework-win-MediaFoundation: 216162199b28c13a410421893ffa2e32 -> 
  custom:container-demuxer-ogg: 62fdf1f143b41e24485cea50d1cbac27 -> 
  custom:video-decoder-webm-vp8: 9c59270c3fd7afecdb556c50c9e8de78 -> 
  custom:audio-decoder-ogg-vorbis: bf7c407c2cedff20999df2af8eb42d56 -> 
========================================================================
Received Import Request.
  Time since last request: 466.435122 seconds.
  path: Assets/bones/library/1/vnbv_1.png
  artifactKey: Guid(bd3006c600f4a6c479225bc5a141f4ba) Importer(815301076,1909f56bfc062723c751e8b465ee728b)
Start importing Assets/bones/library/1/vnbv_1.png using Guid(bd3006c600f4a6c479225bc5a141f4ba) Importer(815301076,1909f56bfc062723c751e8b465ee728b)  -> (artifact id: '231a8060f96dba19ea6934ed67d1c671') in 0.049552 seconds 
========================================================================
Received Import Request.
  Time since last request: 0.000024 seconds.
  path: Assets/bones/library/1/vnbv_20.png
  artifactKey: Guid(8112136a6c2d6a04680bdacdaefe4ef7) Importer(815301076,1909f56bfc062723c751e8b465ee728b)
Start importing Assets/bones/library/1/vnbv_20.png using Guid(8112136a6c2d6a04680bdacdaefe4ef7) Importer(815301076,1909f56bfc062723c751e8b465ee728b)  -> (artifact id: 'af93e4817ea6a00135a51473d44ad1b0') in 0.034557 seconds 
========================================================================
Received Import Request.
  Time since last request: 0.000036 seconds.
  path: Assets/bones/library/1/vnbv_25.png
  artifactKey: Guid(d3270adde403c8243b075e9f2e7b3bc9) Importer(815301076,1909f56bfc062723c751e8b465ee728b)
Start importing Assets/bones/library/1/vnbv_25.png using Guid(d3270adde403c8243b075e9f2e7b3bc9) Importer(815301076,1909f56bfc062723c751e8b465ee728b)  -> (artifact id: '93816e74a6e8e371eb5e66a39f52a09b') in 0.016475 seconds 
========================================================================
Received Import Request.
  Time since last request: 0.000026 seconds.
  path: Assets/bones/library/1/vnbv_17.png
  artifactKey: Guid(20d9a846128a57744b920b35e4fd7603) Importer(815301076,1909f56bfc062723c751e8b465ee728b)
Start importing Assets/bones/library/1/vnbv_17.png using Guid(20d9a846128a57744b920b35e4fd7603) Importer(815301076,1909f56bfc062723c751e8b465ee728b)  -> (artifact id: '8d4a215b3a30d2e2bdb9c72ce48d9821') in 0.016882 seconds 
========================================================================
Received Import Request.
  Time since last request: 0.000022 seconds.
  path: Assets/bones/library/1/vnbv_15.png
  artifactKey: Guid(e91e5583b1131f947bf960b754d3c370) Importer(815301076,1909f56bfc062723c751e8b465ee728b)
Start importing Assets/bones/library/1/vnbv_15.png using Guid(e91e5583b1131f947bf960b754d3c370) Importer(815301076,1909f56bfc062723c751e8b465ee728b)  -> (artifact id: '1f75873b8088023039f665f4033b3f8c') in 0.017588 seconds 
========================================================================
Received Import Request.
  Time since last request: 0.000026 seconds.
  path: Assets/bones/library/1/vnbv_5.png
  artifactKey: Guid(0167635f45c4df447988160355792566) Importer(815301076,1909f56bfc062723c751e8b465ee728b)
Start importing Assets/bones/library/1/vnbv_5.png using Guid(0167635f45c4df447988160355792566) Importer(815301076,1909f56bfc062723c751e8b465ee728b)  -> (artifact id: 'c5ecd550e330cce1bcb21e80a20cb353') in 0.019133 seconds 
========================================================================
Received Import Request.
  Time since last request: 0.000024 seconds.
  path: Assets/bones/library/1/vnbv_13.png
  artifactKey: Guid(0c23d6164aa46f44d81417d359535f79) Importer(815301076,1909f56bfc062723c751e8b465ee728b)
Start importing Assets/bones/library/1/vnbv_13.png using Guid(0c23d6164aa46f44d81417d359535f79) Importer(815301076,1909f56bfc062723c751e8b465ee728b)  -> (artifact id: '5745e923443c98b60770bb53b877f48a') in 0.020549 seconds 
========================================================================
Received Import Request.
  Time since last request: 0.000024 seconds.
  path: Assets/bones/library/1/vnbv_22.png
  artifactKey: Guid(043b4bddc99c16b4fa14e7adf6670ec5) Importer(815301076,1909f56bfc062723c751e8b465ee728b)
Start importing Assets/bones/library/1/vnbv_22.png using Guid(043b4bddc99c16b4fa14e7adf6670ec5) Importer(815301076,1909f56bfc062723c751e8b465ee728b)  -> (artifact id: '3a2faff568c3d541f02ffa84cf2b2abc') in 0.016209 seconds 
========================================================================
Received Import Request.
  Time since last request: 0.000026 seconds.
  path: Assets/bones/library/1/vnbv_9.png
  artifactKey: Guid(631b310b5a150ce4f8f93a85b9c5121f) Importer(815301076,1909f56bfc062723c751e8b465ee728b)
Start importing Assets/bones/library/1/vnbv_9.png using Guid(631b310b5a150ce4f8f93a85b9c5121f) Importer(815301076,1909f56bfc062723c751e8b465ee728b)  -> (artifact id: '270667de9dbd1a3318395ce01e4c4f27') in 0.019239 seconds 
========================================================================
Received Import Request.
  Time since last request: 0.000028 seconds.
  path: Assets/bones/library/1/vnbv_16.png
  artifactKey: Guid(cb5eab320055831488cc380d74671ee5) Importer(815301076,1909f56bfc062723c751e8b465ee728b)
Start importing Assets/bones/library/1/vnbv_16.png using Guid(cb5eab320055831488cc380d74671ee5) Importer(815301076,1909f56bfc062723c751e8b465ee728b)  -> (artifact id: '74a627ed039c439b8cdabe45c448a4ce') in 0.016789 seconds 
========================================================================
Received Import Request.
  Time since last request: 0.000026 seconds.
  path: Assets/bones/library/1/vnbv_10.png
  artifactKey: Guid(d54f3f1986df9584697e90cc7c25f252) Importer(815301076,1909f56bfc062723c751e8b465ee728b)
Start importing Assets/bones/library/1/vnbv_10.png using Guid(d54f3f1986df9584697e90cc7c25f252) Importer(815301076,1909f56bfc062723c751e8b465ee728b)  -> (artifact id: 'f65d5770ee3b0063020be92973c186ad') in 0.020469 seconds 
========================================================================
Received Import Request.
  Time since last request: 0.000021 seconds.
  path: Assets/bones/library/1/vnbv_11.png
  artifactKey: Guid(9d95d5cfa6ad0704cbe3822b74f5d697) Importer(815301076,1909f56bfc062723c751e8b465ee728b)
Start importing Assets/bones/library/1/vnbv_11.png using Guid(9d95d5cfa6ad0704cbe3822b74f5d697) Importer(815301076,1909f56bfc062723c751e8b465ee728b)  -> (artifact id: '53eb0b2abc730a8eee4a65e7e2ed6267') in 0.019781 seconds 
========================================================================
Received Import Request.
  Time since last request: 0.000028 seconds.
  path: Assets/bones/library/1/vnbv_27.png
  artifactKey: Guid(a828dd3eef78aed4996d7807cca966ac) Importer(815301076,1909f56bfc062723c751e8b465ee728b)
Start importing Assets/bones/library/1/vnbv_27.png using Guid(a828dd3eef78aed4996d7807cca966ac) Importer(815301076,1909f56bfc062723c751e8b465ee728b)  -> (artifact id: 'af2c85ddf50c42eb7c9cbab6785b0162') in 0.014773 seconds 
========================================================================
Received Prepare
Registering precompiled user dll's ...
Registered in 0.004877 seconds.
Begin MonoManager ReloadAssembly
Symbol file LoadedFromMemory doesn't match image F:\Ntust\3-2\let me out\Project_Mahjong_UITest\mahjong\Library\PackageCache\com.unity.visualscripting@1.8.0\Editor\VisualScripting.Core\Dependencies\YamlDotNet\Unity.VisualScripting.YamlDotNet.dll
Symbol file LoadedFromMemory doesn't match image F:\Ntust\3-2\let me out\Project_Mahjong_UITest\mahjong\Library\PackageCache\com.unity.visualscripting@1.8.0\Editor\VisualScripting.Core\Dependencies\DotNetZip\Unity.VisualScripting.IonicZip.dll
Native extension for WindowsStandalone target not found
Native extension for Android target not found
Refreshing native plugins compatible for Editor in 0.95 ms, found 3 plugins.
Preloading 0 native plugins for Editor in 0.00 ms.
Mono: successfully reloaded assembly
- Completed reload, in  1.382 seconds
Domain Reload Profiling:
	ReloadAssembly (1383ms)
		BeginReloadAssembly (177ms)
			ExecutionOrderSort (0ms)
			DisableScriptedObjects (7ms)
			BackupInstance (0ms)
			ReleaseScriptingObjects (0ms)
			CreateAndSetChildDomain (45ms)
		EndReloadAssembly (1071ms)
			LoadAssemblies (119ms)
			RebuildTransferFunctionScriptingTraits (0ms)
			SetupTypeCache (307ms)
			ReleaseScriptCaches (1ms)
			RebuildScriptCaches (48ms)
			SetupLoadedEditorAssemblies (564ms)
				LogAssemblyErrors (0ms)
				InitializePlatformSupportModulesInManaged (28ms)
				SetLoadedEditorAssemblies (0ms)
				RefreshPlugins (1ms)
				BeforeProcessingInitializeOnLoad (79ms)
				ProcessInitializeOnLoadAttributes (418ms)
				ProcessInitializeOnLoadMethodAttributes (24ms)
				AfterProcessingInitializeOnLoad (13ms)
				EditorAssembliesLoaded (0ms)
			ExecutionOrderSort2 (0ms)
			AwakeInstancesAfterBackupRestoration (6ms)
Platform modules already initialized, skipping
Refreshing native plugins compatible for Editor in 2.35 ms, found 3 plugins.
Preloading 0 native plugins for Editor in 0.00 ms.
Unloading 3263 Unused Serialized files (Serialized files now loaded: 0)
Unloading 20 unused Assets / (81.4 KB). Loaded Objects now: 3795.
Memory consumption went from 143.7 MB to 143.6 MB.
Total: 3.696600 ms (FindLiveObjects: 0.284500 ms CreateObjectMapping: 0.079900 ms MarkObjects: 3.211000 ms  DeleteObjects: 0.120300 ms)

AssetImportParameters requested are different than current active one (requested -> active):
  custom:video-decoder-ogg-theora: a1e56fd34408186e4bbccfd4996cb3dc -> 
  custom:container-muxer-webm: aa71ff27fc2769a1b78a27578f13a17b -> 
  custom:container-demuxer-webm: 4f35f7cbe854078d1ac9338744f61a02 -> 
  custom:video-encoder-webm-vp8: eb34c28f22e8b96e1ab97ce403110664 -> 
  custom:audio-encoder-webm-vorbis: bf7c407c2cedff20999df2af8eb42d56 -> 
  custom:framework-win-MediaFoundation: 216162199b28c13a410421893ffa2e32 -> 
  custom:container-demuxer-ogg: 62fdf1f143b41e24485cea50d1cbac27 -> 
  custom:video-decoder-webm-vp8: 9c59270c3fd7afecdb556c50c9e8de78 -> 
  custom:audio-decoder-ogg-vorbis: bf7c407c2cedff20999df2af8eb42d56 -> 
Editor requested this worker to shutdown with reason: Scaling down because of idle timeout
AssetImportWorker is now disconnected from the server
Process exiting
Exiting without the bug reporter. Application will terminate with return code 0