Using pre-set license
Built from '2021.3/staging' branch; Version is '2021.3.25f1 (68ef2c4f8861) revision 6876972'; Using compiler version '192829333'; Build Type 'Release'
OS: 'Windows 11  (10.0.22621) 64bit Core' Language: 'zh' Physical Memory: 16205 MB
BatchMode: 1, IsHumanControllingUs: 0, StartBugReporterOnCrash: 0, Is64bit: 1, IsPro: 1

COMMAND LINE ARGUMENTS:
C:\Program Files\Unity\Hub\Editor\2021.3.25f1\Editor\Unity.exe
-adb2
-batchMode
-noUpm
-name
AssetImportWorker2
-projectPath
E:/github_repo/Project_Mahjong_UITest/mahjong
-logFile
Logs/AssetImportWorker2.log
-srvPort
58672
Successfully changed project path to: E:/github_repo/Project_Mahjong_UITest/mahjong
E:/github_repo/Project_Mahjong_UITest/mahjong
[UnityMemory] Configuration Parameters - Can be set up in boot.config
    "memorysetup-bucket-allocator-granularity=16"
    "memorysetup-bucket-allocator-bucket-count=8"
    "memorysetup-bucket-allocator-block-size=33554432"
    "memorysetup-bucket-allocator-block-count=8"
    "memorysetup-main-allocator-block-size=16777216"
    "memorysetup-thread-allocator-block-size=16777216"
    "memorysetup-gfx-main-allocator-block-size=16777216"
    "memorysetup-gfx-thread-allocator-block-size=16777216"
    "memorysetup-cache-allocator-block-size=4194304"
    "memorysetup-typetree-allocator-block-size=2097152"
    "memorysetup-profiler-bucket-allocator-granularity=16"
    "memorysetup-profiler-bucket-allocator-bucket-count=8"
    "memorysetup-profiler-bucket-allocator-block-size=33554432"
    "memorysetup-profiler-bucket-allocator-block-count=8"
    "memorysetup-profiler-allocator-block-size=16777216"
    "memorysetup-profiler-editor-allocator-block-size=1048576"
    "memorysetup-temp-allocator-size-main=16777216"
    "memorysetup-job-temp-allocator-block-size=2097152"
    "memorysetup-job-temp-allocator-block-size-background=1048576"
    "memorysetup-job-temp-allocator-reduction-small-platforms=262144"
    "memorysetup-temp-allocator-size-background-worker=32768"
    "memorysetup-temp-allocator-size-job-worker=262144"
    "memorysetup-temp-allocator-size-preload-manager=33554432"
    "memorysetup-temp-allocator-size-nav-mesh-worker=65536"
    "memorysetup-temp-allocator-size-audio-worker=65536"
    "memorysetup-temp-allocator-size-cloud-worker=32768"
    "memorysetup-temp-allocator-size-gi-baking-worker=262144"
    "memorysetup-temp-allocator-size-gfx=262144"
Player connection [4200] Host "[IP] 26.147.234.45 [Port] 0 [Flags] 2 [Guid] 3151954126 [EditorId] 3151954126 [Version] 1048832 [Id] WindowsEditor(7,MSI) [Debug] 1 [PackageName] WindowsEditor [ProjectName] Editor" joined multi-casting on [225.0.0.222:54997]...

Player connection [4200] Host "[IP] 26.147.234.45 [Port] 0 [Flags] 2 [Guid] 3151954126 [EditorId] 3151954126 [Version] 1048832 [Id] WindowsEditor(7,MSI) [Debug] 1 [PackageName] WindowsEditor [ProjectName] Editor" joined alternative multi-casting on [225.0.0.222:34997]...

Refreshing native plugins compatible for Editor in 79.37 ms, found 3 plugins.
Preloading 0 native plugins for Editor in 0.00 ms.
Initialize engine version: 2021.3.25f1 (68ef2c4f8861)
[Subsystems] Discovering subsystems at path C:/Program Files/Unity/Hub/Editor/2021.3.25f1/Editor/Data/Resources/UnitySubsystems
[Subsystems] Discovering subsystems at path E:/github_repo/Project_Mahjong_UITest/mahjong/Assets
GfxDevice: creating device client; threaded=0; jobified=0
Direct3D:
    Version:  Direct3D 11.0 [level 11.1]
    Renderer: NVIDIA GeForce GTX 1650 (ID=0x1f99)
    Vendor:   NVIDIA
    VRAM:     3962 MB
    Driver:   30.0.15.1179
Initialize mono
Mono path[0] = 'C:/Program Files/Unity/Hub/Editor/2021.3.25f1/Editor/Data/Managed'
Mono path[1] = 'C:/Program Files/Unity/Hub/Editor/2021.3.25f1/Editor/Data/MonoBleedingEdge/lib/mono/unityjit-win32'
Mono config path = 'C:/Program Files/Unity/Hub/Editor/2021.3.25f1/Editor/Data/MonoBleedingEdge/etc'
Using monoOptions --debugger-agent=transport=dt_socket,embedding=1,server=y,suspend=n,address=127.0.0.1:56232
Begin MonoManager ReloadAssembly
Registering precompiled unity dll's ...
Register platform support module: C:/Program Files/Unity/Hub/Editor/2021.3.25f1/Editor/Data/PlaybackEngines/AndroidPlayer/UnityEditor.Android.Extensions.dll
Register platform support module: C:/Program Files/Unity/Hub/Editor/2021.3.25f1/Editor/Data/PlaybackEngines/WindowsStandaloneSupport/UnityEditor.WindowsStandalone.Extensions.dll
Registered in 0.005004 seconds.
Native extension for WindowsStandalone target not found
Native extension for Android target not found
Android Extension - Scanning For ADB Devices 202 ms
Refreshing native plugins compatible for Editor in 77.81 ms, found 3 plugins.
Preloading 0 native plugins for Editor in 0.00 ms.
Mono: successfully reloaded assembly
- Completed reload, in  0.893 seconds
Domain Reload Profiling:
	ReloadAssembly (893ms)
		BeginReloadAssembly (106ms)
			ExecutionOrderSort (0ms)
			DisableScriptedObjects (0ms)
			BackupInstance (0ms)
			ReleaseScriptingObjects (0ms)
			CreateAndSetChildDomain (1ms)
		EndReloadAssembly (687ms)
			LoadAssemblies (105ms)
			RebuildTransferFunctionScriptingTraits (0ms)
			SetupTypeCache (116ms)
			ReleaseScriptCaches (0ms)
			RebuildScriptCaches (27ms)
			SetupLoadedEditorAssemblies (495ms)
				LogAssemblyErrors (0ms)
				InitializePlatformSupportModulesInManaged (289ms)
				SetLoadedEditorAssemblies (0ms)
				RefreshPlugins (78ms)
				BeforeProcessingInitializeOnLoad (1ms)
				ProcessInitializeOnLoadAttributes (87ms)
				ProcessInitializeOnLoadMethodAttributes (40ms)
				AfterProcessingInitializeOnLoad (0ms)
				EditorAssembliesLoaded (0ms)
			ExecutionOrderSort2 (0ms)
			AwakeInstancesAfterBackupRestoration (0ms)
Platform modules already initialized, skipping
Registering precompiled user dll's ...
Registered in 0.002649 seconds.
Begin MonoManager ReloadAssembly
Symbol file LoadedFromMemory doesn't match image E:\github_repo\Project_Mahjong_UITest\mahjong\Library\PackageCache\com.unity.visualscripting@1.8.0\Editor\VisualScripting.Core\Dependencies\YamlDotNet\Unity.VisualScripting.YamlDotNet.dll
Symbol file LoadedFromMemory doesn't match image E:\github_repo\Project_Mahjong_UITest\mahjong\Library\PackageCache\com.unity.visualscripting@1.8.0\Editor\VisualScripting.Core\Dependencies\DotNetZip\Unity.VisualScripting.IonicZip.dll
Native extension for WindowsStandalone target not found
Native extension for Android target not found
Refreshing native plugins compatible for Editor in 0.47 ms, found 3 plugins.
Preloading 0 native plugins for Editor in 0.00 ms.
Mono: successfully reloaded assembly
- Completed reload, in  0.928 seconds
Domain Reload Profiling:
	ReloadAssembly (928ms)
		BeginReloadAssembly (102ms)
			ExecutionOrderSort (0ms)
			DisableScriptedObjects (5ms)
			BackupInstance (0ms)
			ReleaseScriptingObjects (0ms)
			CreateAndSetChildDomain (17ms)
		EndReloadAssembly (728ms)
			LoadAssemblies (73ms)
			RebuildTransferFunctionScriptingTraits (0ms)
			SetupTypeCache (268ms)
			ReleaseScriptCaches (1ms)
			RebuildScriptCaches (47ms)
			SetupLoadedEditorAssemblies (308ms)
				LogAssemblyErrors (0ms)
				InitializePlatformSupportModulesInManaged (20ms)
				SetLoadedEditorAssemblies (0ms)
				RefreshPlugins (1ms)
				BeforeProcessingInitializeOnLoad (73ms)
				ProcessInitializeOnLoadAttributes (191ms)
				ProcessInitializeOnLoadMethodAttributes (18ms)
				AfterProcessingInitializeOnLoad (5ms)
				EditorAssembliesLoaded (0ms)
			ExecutionOrderSort2 (0ms)
			AwakeInstancesAfterBackupRestoration (5ms)
Platform modules already initialized, skipping
========================================================================
Worker process is ready to serve import requests
Launched and connected shader compiler UnityShaderCompiler.exe after 0.04 seconds
Refreshing native plugins compatible for Editor in 0.82 ms, found 3 plugins.
Preloading 0 native plugins for Editor in 0.00 ms.
Unloading 3134 Unused Serialized files (Serialized files now loaded: 0)
Unloading 24 unused Assets / (341.8 KB). Loaded Objects now: 3598.
Memory consumption went from 117.0 MB to 116.7 MB.
Total: 3.661300 ms (FindLiveObjects: 0.403700 ms CreateObjectMapping: 0.368700 ms MarkObjects: 2.745600 ms  DeleteObjects: 0.141900 ms)

AssetImportParameters requested are different than current active one (requested -> active):
  custom:video-decoder-ogg-theora: a1e56fd34408186e4bbccfd4996cb3dc -> 
  custom:container-muxer-webm: aa71ff27fc2769a1b78a27578f13a17b -> 
  custom:container-demuxer-webm: 4f35f7cbe854078d1ac9338744f61a02 -> 
  custom:video-encoder-webm-vp8: eb34c28f22e8b96e1ab97ce403110664 -> 
  custom:audio-encoder-webm-vorbis: bf7c407c2cedff20999df2af8eb42d56 -> 
  custom:framework-win-MediaFoundation: 216162199b28c13a410421893ffa2e32 -> 
  custom:container-demuxer-ogg: 62fdf1f143b41e24485cea50d1cbac27 -> 
  custom:video-decoder-webm-vp8: 9c59270c3fd7afecdb556c50c9e8de78 -> 
  custom:audio-decoder-ogg-vorbis: bf7c407c2cedff20999df2af8eb42d56 -> 
========================================================================
Received Import Request.
  Time since last request: 178666.498786 seconds.
  path: Assets/MahjongTiles/Prefabs/Flowers
  artifactKey: Guid(f22d883a8cbb81f40890d5dbb596be2f) Importer(815301076,1909f56bfc062723c751e8b465ee728b)
Start importing Assets/MahjongTiles/Prefabs/Flowers using Guid(f22d883a8cbb81f40890d5dbb596be2f) Importer(815301076,1909f56bfc062723c751e8b465ee728b)  -> (artifact id: 'fef01a679ade99ed0e906d2678155a9d') in 0.014457 seconds 
========================================================================
Received Import Request.
  Time since last request: 1.795324 seconds.
  path: Assets/MahjongTiles/Prefabs/Flowers/Flower_1.prefab
  artifactKey: Guid(5fb4a3c16a17a6247b2b515681d03e54) Importer(815301076,1909f56bfc062723c751e8b465ee728b)
Start importing Assets/MahjongTiles/Prefabs/Flowers/Flower_1.prefab using Guid(5fb4a3c16a17a6247b2b515681d03e54) Importer(815301076,1909f56bfc062723c751e8b465ee728b)  -> (artifact id: '5c4c77ba665e29bd719fc63ae6852b09') in 0.189702 seconds 
========================================================================
Received Import Request.
  Time since last request: 0.000018 seconds.
  path: Assets/MahjongTiles/Prefabs/Flowers/Flower_3.prefab
  artifactKey: Guid(c6f8b107e1258d545903af4a03b42914) Importer(815301076,1909f56bfc062723c751e8b465ee728b)
Start importing Assets/MahjongTiles/Prefabs/Flowers/Flower_3.prefab using Guid(c6f8b107e1258d545903af4a03b42914) Importer(815301076,1909f56bfc062723c751e8b465ee728b)  -> (artifact id: 'a535af6479b3b80b00b4b5769b49c208') in 0.083158 seconds 
========================================================================
Received Import Request.
  Time since last request: 317.431847 seconds.
  path: Assets/MahjongTiles/Scene
  artifactKey: Guid(02378e0cc225baa4fac9c3caab3f9924) Importer(815301076,1909f56bfc062723c751e8b465ee728b)
Start importing Assets/MahjongTiles/Scene using Guid(02378e0cc225baa4fac9c3caab3f9924) Importer(815301076,1909f56bfc062723c751e8b465ee728b)  -> (artifact id: '12b7f62875881c389c23d9a4492ccfab') in 0.006153 seconds 
========================================================================
Received Import Request.
  Time since last request: 2.759811 seconds.
  path: Assets/MahjongTiles/Scene/MahjongTilePackSettings.lighting
  artifactKey: Guid(d1268949dfadae24397baeea0e1d98c9) Importer(815301076,1909f56bfc062723c751e8b465ee728b)
Start importing Assets/MahjongTiles/Scene/MahjongTilePackSettings.lighting using Guid(d1268949dfadae24397baeea0e1d98c9) Importer(815301076,1909f56bfc062723c751e8b465ee728b) LightingSettings: switching bake backend from 1 to 0.
 -> (artifact id: '536295655c41192e1f8a9597440443e8') in 0.007195 seconds 
========================================================================
Received Import Request.
  Time since last request: 8.636115 seconds.
  path: Assets/MahjongTiles/Scene/MahjongTilePack.unity
  artifactKey: Guid(c99a824c31d4c054d82def25117e355c) Importer(815301076,1909f56bfc062723c751e8b465ee728b)
Start importing Assets/MahjongTiles/Scene/MahjongTilePack.unity using Guid(c99a824c31d4c054d82def25117e355c) Importer(815301076,1909f56bfc062723c751e8b465ee728b)  -> (artifact id: '7dea42df792e4b02148d801c17301a80') in 0.005604 seconds 
========================================================================
Received Import Request.
  Time since last request: 16.198413 seconds.
  path: Assets/Scenes/SampleScene.unity
  artifactKey: Guid(9fc0d4010bbf28b4594072e72b8655ab) Importer(815301076,1909f56bfc062723c751e8b465ee728b)
Start importing Assets/Scenes/SampleScene.unity using Guid(9fc0d4010bbf28b4594072e72b8655ab) Importer(815301076,1909f56bfc062723c751e8b465ee728b)  -> (artifact id: '0f869276ff067087e842caf97c1a0cfe') in 0.006488 seconds 
========================================================================
Received Import Request.
  Time since last request: 32.849661 seconds.
  path: Assets/Scenes/SampleScene 1.unity
  artifactKey: Guid(dd427108d901bf24a98f0c227d5c0bcb) Importer(815301076,1909f56bfc062723c751e8b465ee728b)
Start importing Assets/Scenes/SampleScene 1.unity using Guid(dd427108d901bf24a98f0c227d5c0bcb) Importer(815301076,1909f56bfc062723c751e8b465ee728b)  -> (artifact id: '6932f6d0f773b0e47f8c3a004380f548') in 0.005800 seconds 
========================================================================
Received Import Request.
  Time since last request: 19.787874 seconds.
  path: Assets/Scenes/kong.unity
  artifactKey: Guid(dd427108d901bf24a98f0c227d5c0bcb) Importer(815301076,1909f56bfc062723c751e8b465ee728b)
Start importing Assets/Scenes/kong.unity using Guid(dd427108d901bf24a98f0c227d5c0bcb) Importer(815301076,1909f56bfc062723c751e8b465ee728b)  -> (artifact id: '2f14e3f12fa84046faa16693f941f848') in 0.007486 seconds 
========================================================================
Received Import Request.
  Time since last request: 22.378851 seconds.
  path: Assets/Scenes/kong1.unity
  artifactKey: Guid(dd427108d901bf24a98f0c227d5c0bcb) Importer(815301076,1909f56bfc062723c751e8b465ee728b)
Start importing Assets/Scenes/kong1.unity using Guid(dd427108d901bf24a98f0c227d5c0bcb) Importer(815301076,1909f56bfc062723c751e8b465ee728b)  -> (artifact id: '3f8e2fb57e3ff9b0474300fdcbe148e6') in 0.005844 seconds 
========================================================================
Received Import Request.
  Time since last request: 2.046305 seconds.
  path: Assets/Scenes/kong1 1.unity
  artifactKey: Guid(c560cf91f05ca7147bf636791d8e6619) Importer(815301076,1909f56bfc062723c751e8b465ee728b)
Start importing Assets/Scenes/kong1 1.unity using Guid(c560cf91f05ca7147bf636791d8e6619) Importer(815301076,1909f56bfc062723c751e8b465ee728b)  -> (artifact id: '975f09079b089e329c5d88b681813c80') in 0.006004 seconds 
========================================================================
Received Import Request.
  Time since last request: 13.930031 seconds.
  path: Assets/Scenes/kong 1.unity
  artifactKey: Guid(4946128f5fe894842b70a1cb2ad92ea6) Importer(815301076,1909f56bfc062723c751e8b465ee728b)
Start importing Assets/Scenes/kong 1.unity using Guid(4946128f5fe894842b70a1cb2ad92ea6) Importer(815301076,1909f56bfc062723c751e8b465ee728b)  -> (artifact id: 'dbcb29c7c59e4cee72ecf6a3038bfc3e') in 0.005933 seconds 
========================================================================
Received Import Request.
  Time since last request: 0.928686 seconds.
  path: Assets/Scenes/kong 2.unity
  artifactKey: Guid(aac33a8f145859f4eb615cfb98c72a51) Importer(815301076,1909f56bfc062723c751e8b465ee728b)
Start importing Assets/Scenes/kong 2.unity using Guid(aac33a8f145859f4eb615cfb98c72a51) Importer(815301076,1909f56bfc062723c751e8b465ee728b)  -> (artifact id: 'bc65f247daaf02633f27c8eaf6014483') in 0.005460 seconds 
========================================================================
Received Import Request.
  Time since last request: 0.508297 seconds.
  path: Assets/Scenes/kong 3.unity
  artifactKey: Guid(bcf12dd46e5535041b3da918209818cf) Importer(815301076,1909f56bfc062723c751e8b465ee728b)
Start importing Assets/Scenes/kong 3.unity using Guid(bcf12dd46e5535041b3da918209818cf) Importer(815301076,1909f56bfc062723c751e8b465ee728b)  -> (artifact id: '8f1b11ee8f801f83691f3900fc6ddf16') in 0.006284 seconds 
========================================================================
Received Import Request.
  Time since last request: 0.316899 seconds.
  path: Assets/Scenes/kong 4.unity
  artifactKey: Guid(9e2b11c4157ede242af90864377a1291) Importer(815301076,1909f56bfc062723c751e8b465ee728b)
Start importing Assets/Scenes/kong 4.unity using Guid(9e2b11c4157ede242af90864377a1291) Importer(815301076,1909f56bfc062723c751e8b465ee728b)  -> (artifact id: '4cfdb5cb3593a62b7005f0abee5bb7a9') in 0.005667 seconds 
========================================================================
Received Import Request.
  Time since last request: 0.160068 seconds.
  path: Assets/Scenes/kong 5.unity
  artifactKey: Guid(908f640a551798a4787223373de85d0d) Importer(815301076,1909f56bfc062723c751e8b465ee728b)
Start importing Assets/Scenes/kong 5.unity using Guid(908f640a551798a4787223373de85d0d) Importer(815301076,1909f56bfc062723c751e8b465ee728b)  -> (artifact id: '1bfbb8153ff90c5275c098071f2b9bae') in 0.005547 seconds 
========================================================================
Received Import Request.
  Time since last request: 908.412213 seconds.
  path: Assets/Prefabs/Player_Tiles.prefab
  artifactKey: Guid(30d39c50ae1568343aea9a70c8dd8fc7) Importer(815301076,1909f56bfc062723c751e8b465ee728b)
Start importing Assets/Prefabs/Player_Tiles.prefab using Guid(30d39c50ae1568343aea9a70c8dd8fc7) Importer(815301076,1909f56bfc062723c751e8b465ee728b)  -> (artifact id: 'ad0c588f3beab5345eb9783f23cc4059') in 0.064633 seconds 
========================================================================
Received Import Request.
  Time since last request: 28.531207 seconds.
  path: Assets/MahjongTiles/Materials
  artifactKey: Guid(5d10655a753a33a4c9cb58e728f9cb73) Importer(815301076,1909f56bfc062723c751e8b465ee728b)
Start importing Assets/MahjongTiles/Materials using Guid(5d10655a753a33a4c9cb58e728f9cb73) Importer(815301076,1909f56bfc062723c751e8b465ee728b)  -> (artifact id: '182f9ca0a9489b1e81fda8f9d1c991d8') in 0.009353 seconds 
========================================================================
Received Import Request.
  Time since last request: 2.346633 seconds.
  path: Assets/MahjongTiles/Prefabs/Bams
  artifactKey: Guid(728fbee4a9262354dbcce86fb4d74b27) Importer(815301076,1909f56bfc062723c751e8b465ee728b)
Start importing Assets/MahjongTiles/Prefabs/Bams using Guid(728fbee4a9262354dbcce86fb4d74b27) Importer(815301076,1909f56bfc062723c751e8b465ee728b)  -> (artifact id: '1c5272a2bd737eeb8dfe5a62aeda96a2') in 0.005081 seconds 
========================================================================
Received Import Request.
  Time since last request: 0.050113 seconds.
  path: Assets/MahjongTiles/Prefabs/Bams/Bam_1.prefab
  artifactKey: Guid(425bf8c9c108e254ba60dbbbdc6089eb) Importer(815301076,1909f56bfc062723c751e8b465ee728b)
Start importing Assets/MahjongTiles/Prefabs/Bams/Bam_1.prefab using Guid(425bf8c9c108e254ba60dbbbdc6089eb) Importer(815301076,1909f56bfc062723c751e8b465ee728b)  -> (artifact id: '65c12f8f87946b18afccb5dcfc5ac7b1') in 0.027077 seconds 
========================================================================
Received Import Request.
  Time since last request: 0.000018 seconds.
  path: Assets/MahjongTiles/Prefabs/Bams/Bam_5.prefab
  artifactKey: Guid(8f8060a3be33e224aa148f91b29a2a54) Importer(815301076,1909f56bfc062723c751e8b465ee728b)
Start importing Assets/MahjongTiles/Prefabs/Bams/Bam_5.prefab using Guid(8f8060a3be33e224aa148f91b29a2a54) Importer(815301076,1909f56bfc062723c751e8b465ee728b)  -> (artifact id: 'adcc198da713cba5cf598948e62c4b7d') in 0.128682 seconds 
========================================================================
Received Import Request.
  Time since last request: 0.000016 seconds.
  path: Assets/MahjongTiles/Prefabs/Bams/Bam_3.prefab
  artifactKey: Guid(e7c06a457634cf44693fe38dce36dd86) Importer(815301076,1909f56bfc062723c751e8b465ee728b)
Start importing Assets/MahjongTiles/Prefabs/Bams/Bam_3.prefab using Guid(e7c06a457634cf44693fe38dce36dd86) Importer(815301076,1909f56bfc062723c751e8b465ee728b)  -> (artifact id: '62ac25f9c722594257774541c4fe0045') in 0.071094 seconds 
========================================================================
Received Import Request.
  Time since last request: 0.000027 seconds.
  path: Assets/MahjongTiles/Prefabs/Bams/Bam_6.prefab
  artifactKey: Guid(0cf92ae13f445f94cb13af9ba6e7e8bd) Importer(815301076,1909f56bfc062723c751e8b465ee728b)
Start importing Assets/MahjongTiles/Prefabs/Bams/Bam_6.prefab using Guid(0cf92ae13f445f94cb13af9ba6e7e8bd) Importer(815301076,1909f56bfc062723c751e8b465ee728b)  -> (artifact id: 'ac9ab73268f9f4dccf54b17d20312dd4') in 0.097006 seconds 
Editor requested this worker to shutdown with reason: Scaling down because of idle timeout
AssetImportWorker is now disconnected from the server
Process exiting
Exiting without the bug reporter. Application will terminate with return code 0